ERROR - 2019-04-04 05:20:53 --> 404 Page Not Found: Assets/plugins
ERROR - 2019-04-04 05:21:16 --> 404 Page Not Found: Assets/plugins
ERROR - 2019-04-04 05:27:30 --> 404 Page Not Found: Assets/plugins
ERROR - 2019-04-04 05:27:53 --> 404 Page Not Found: Assets/plugins
ERROR - 2019-04-04 05:28:01 --> 404 Page Not Found: Assets/plugins
ERROR - 2019-04-04 05:29:39 --> 404 Page Not Found: Assets/plugins
ERROR - 2019-04-04 05:30:03 --> 404 Page Not Found: Assets/plugins
ERROR - 2019-04-04 05:32:32 --> 404 Page Not Found: Assets/plugins
ERROR - 2019-04-04 10:33:23 --> Query error: Unknown column 'kop_mi.PNG' in 'field list' - Invalid query: INSERT INTO `tb_foto_profil` (`kop_mi`.`PNG`) VALUES ('')
ERROR - 2019-04-04 05:38:41 --> Severity: Compile Error --> Cannot use isset() on the result of an expression (you can use "null !== expression" instead) C:\xampp\htdocs\sisdemik\application\controllers\Home.php 113
ERROR - 2019-04-04 05:38:59 --> 404 Page Not Found: Assets/plugins
ERROR - 2019-04-04 05:40:45 --> 404 Page Not Found: Assets/plugins
ERROR - 2019-04-04 05:41:25 --> 404 Page Not Found: Assets/plugins
ERROR - 2019-04-04 05:41:29 --> 404 Page Not Found: Assets/plugins
ERROR - 2019-04-04 05:44:02 --> 404 Page Not Found: Assets/plugins
ERROR - 2019-04-04 05:45:28 --> 404 Page Not Found: Assets/plugins
ERROR - 2019-04-04 06:06:56 --> 404 Page Not Found: Assets/plugins
ERROR - 2019-04-04 06:07:58 --> 404 Page Not Found: Assets/plugins
ERROR - 2019-04-04 06:08:29 --> 404 Page Not Found: Assets/plugins
ERROR - 2019-04-04 06:09:26 --> 404 Page Not Found: Assets/plugins
ERROR - 2019-04-04 06:09:29 --> 404 Page Not Found: Assets/plugins
ERROR - 2019-04-04 06:09:39 --> 404 Page Not Found: Assets/plugins
ERROR - 2019-04-04 06:09:45 --> 404 Page Not Found: Assets/plugins
ERROR - 2019-04-04 06:09:52 --> 404 Page Not Found: Assets/plugins
ERROR - 2019-04-04 06:10:09 --> 404 Page Not Found: Assets/plugins
ERROR - 2019-04-04 06:10:18 --> 404 Page Not Found: Assets/plugins
ERROR - 2019-04-04 11:10:21 --> Severity: Notice --> Undefined property: Home::$GambarModel C:\xampp\htdocs\sisdemik\application\controllers\Home.php 105
ERROR - 2019-04-04 11:10:21 --> Severity: error --> Exception: Call to a member function upload() on null C:\xampp\htdocs\sisdemik\application\controllers\Home.php 105
ERROR - 2019-04-04 11:11:27 --> The upload path does not appear to be valid.
ERROR - 2019-04-04 11:12:07 --> The upload path does not appear to be valid.
ERROR - 2019-04-04 06:12:37 --> 404 Page Not Found: Assets/plugins
ERROR - 2019-04-04 06:12:38 --> 404 Page Not Found: Assets/plugins
ERROR - 2019-04-04 11:12:39 --> The upload path does not appear to be valid.
ERROR - 2019-04-04 06:12:42 --> 404 Page Not Found: Assets/plugins
ERROR - 2019-04-04 06:13:01 --> 404 Page Not Found: Assets/plugins
ERROR - 2019-04-04 11:13:02 --> The upload path does not appear to be valid.
ERROR - 2019-04-04 06:13:04 --> 404 Page Not Found: Assets/plugins
ERROR - 2019-04-04 06:13:16 --> Severity: error --> Exception: syntax error, unexpected 'echo' (T_ECHO) C:\xampp\htdocs\sisdemik\application\controllers\Home.php 118
ERROR - 2019-04-04 06:13:25 --> 404 Page Not Found: Assets/plugins
ERROR - 2019-04-04 11:13:26 --> The upload path does not appear to be valid.
ERROR - 2019-04-04 06:13:26 --> 404 Page Not Found: Assets/plugins
ERROR - 2019-04-04 11:13:31 --> The upload path does not appear to be valid.
ERROR - 2019-04-04 06:13:31 --> 404 Page Not Found: Assets/plugins
