ERROR - 2024-12-10 08:58:36 --> Severity: error --> Exception: Access denied for user 'root'@'localhost' (using password: YES) D:\laragon\www\klinik\system\database\drivers\mysqli\mysqli_driver.php 201
ERROR - 2024-12-10 08:58:37 --> 404 Page Not Found: Faviconico/index
ERROR - 2024-12-10 08:59:23 --> Severity: error --> Exception: Unknown database 'db_klinik' D:\laragon\www\klinik\system\database\drivers\mysqli\mysqli_driver.php 201
ERROR - 2024-12-10 09:11:18 --> Severity: 8192 --> Return type of CI_Session_files_driver::open($save_path, $name) should either be compatible with SessionHandlerInterface::open(string $path, string $name): bool, or the #[\ReturnTypeWillChange] attribute should be used to temporarily suppress the notice D:\laragon\www\klinik\system\libraries\Session\drivers\Session_files_driver.php 132
ERROR - 2024-12-10 09:11:18 --> Severity: 8192 --> Return type of CI_Session_files_driver::close() should either be compatible with SessionHandlerInterface::close(): bool, or the #[\ReturnTypeWillChange] attribute should be used to temporarily suppress the notice D:\laragon\www\klinik\system\libraries\Session\drivers\Session_files_driver.php 292
ERROR - 2024-12-10 09:11:18 --> Severity: 8192 --> Return type of CI_Session_files_driver::read($session_id) should either be compatible with SessionHandlerInterface::read(string $id): string|false, or the #[\ReturnTypeWillChange] attribute should be used to temporarily suppress the notice D:\laragon\www\klinik\system\libraries\Session\drivers\Session_files_driver.php 166
ERROR - 2024-12-10 09:11:18 --> Severity: 8192 --> Return type of CI_Session_files_driver::write($session_id, $session_data) should either be compatible with SessionHandlerInterface::write(string $id, string $data): bool, or the #[\ReturnTypeWillChange] attribute should be used to temporarily suppress the notice D:\laragon\www\klinik\system\libraries\Session\drivers\Session_files_driver.php 235
ERROR - 2024-12-10 09:11:18 --> Severity: 8192 --> Return type of CI_Session_files_driver::destroy($session_id) should either be compatible with SessionHandlerInterface::destroy(string $id): bool, or the #[\ReturnTypeWillChange] attribute should be used to temporarily suppress the notice D:\laragon\www\klinik\system\libraries\Session\drivers\Session_files_driver.php 315
ERROR - 2024-12-10 09:11:18 --> Severity: 8192 --> Return type of CI_Session_files_driver::gc($maxlifetime) should either be compatible with SessionHandlerInterface::gc(int $max_lifetime): int|false, or the #[\ReturnTypeWillChange] attribute should be used to temporarily suppress the notice D:\laragon\www\klinik\system\libraries\Session\drivers\Session_files_driver.php 356
ERROR - 2024-12-10 09:11:18 --> Severity: Warning --> ini_set(): Session ini settings cannot be changed after headers have already been sent D:\laragon\www\klinik\system\libraries\Session\Session.php 282
ERROR - 2024-12-10 09:11:18 --> Severity: Warning --> session_set_cookie_params(): Session cookie parameters cannot be changed after headers have already been sent D:\laragon\www\klinik\system\libraries\Session\Session.php 294
ERROR - 2024-12-10 09:11:18 --> Severity: Warning --> ini_set(): Session ini settings cannot be changed after headers have already been sent D:\laragon\www\klinik\system\libraries\Session\Session.php 304
ERROR - 2024-12-10 09:11:18 --> Severity: Warning --> ini_set(): Session ini settings cannot be changed after headers have already been sent D:\laragon\www\klinik\system\libraries\Session\Session.php 314
ERROR - 2024-12-10 09:11:18 --> Severity: Warning --> ini_set(): Session ini settings cannot be changed after headers have already been sent D:\laragon\www\klinik\system\libraries\Session\Session.php 315
ERROR - 2024-12-10 09:11:18 --> Severity: Warning --> ini_set(): Session ini settings cannot be changed after headers have already been sent D:\laragon\www\klinik\system\libraries\Session\Session.php 316
ERROR - 2024-12-10 09:11:18 --> Severity: Warning --> ini_set(): Session ini settings cannot be changed after headers have already been sent D:\laragon\www\klinik\system\libraries\Session\Session.php 317
ERROR - 2024-12-10 09:11:18 --> Severity: Warning --> ini_set(): Session ini settings cannot be changed after headers have already been sent D:\laragon\www\klinik\system\libraries\Session\Session.php 375
ERROR - 2024-12-10 09:11:18 --> Severity: Warning --> ini_set(): Session ini settings cannot be changed after headers have already been sent D:\laragon\www\klinik\system\libraries\Session\drivers\Session_files_driver.php 108
ERROR - 2024-12-10 09:11:19 --> Severity: Warning --> session_set_save_handler(): Session save handler cannot be changed after headers have already been sent D:\laragon\www\klinik\system\libraries\Session\Session.php 110
ERROR - 2024-12-10 09:11:19 --> Severity: Warning --> session_start(): Session cannot be started after headers have already been sent D:\laragon\www\klinik\system\libraries\Session\Session.php 143
ERROR - 2024-12-10 09:16:02 --> Severity: 8192 --> Return type of CI_Session_files_driver::open($save_path, $name) should either be compatible with SessionHandlerInterface::open(string $path, string $name): bool, or the #[\ReturnTypeWillChange] attribute should be used to temporarily suppress the notice D:\laragon\www\klinik\system\libraries\Session\drivers\Session_files_driver.php 132
ERROR - 2024-12-10 09:16:02 --> Severity: 8192 --> Return type of CI_Session_files_driver::close() should either be compatible with SessionHandlerInterface::close(): bool, or the #[\ReturnTypeWillChange] attribute should be used to temporarily suppress the notice D:\laragon\www\klinik\system\libraries\Session\drivers\Session_files_driver.php 292
ERROR - 2024-12-10 09:16:02 --> Severity: 8192 --> Return type of CI_Session_files_driver::read($session_id) should either be compatible with SessionHandlerInterface::read(string $id): string|false, or the #[\ReturnTypeWillChange] attribute should be used to temporarily suppress the notice D:\laragon\www\klinik\system\libraries\Session\drivers\Session_files_driver.php 166
ERROR - 2024-12-10 09:16:02 --> Severity: 8192 --> Return type of CI_Session_files_driver::write($session_id, $session_data) should either be compatible with SessionHandlerInterface::write(string $id, string $data): bool, or the #[\ReturnTypeWillChange] attribute should be used to temporarily suppress the notice D:\laragon\www\klinik\system\libraries\Session\drivers\Session_files_driver.php 235
ERROR - 2024-12-10 09:16:02 --> Severity: 8192 --> Return type of CI_Session_files_driver::destroy($session_id) should either be compatible with SessionHandlerInterface::destroy(string $id): bool, or the #[\ReturnTypeWillChange] attribute should be used to temporarily suppress the notice D:\laragon\www\klinik\system\libraries\Session\drivers\Session_files_driver.php 315
ERROR - 2024-12-10 09:16:02 --> Severity: 8192 --> Return type of CI_Session_files_driver::gc($maxlifetime) should either be compatible with SessionHandlerInterface::gc(int $max_lifetime): int|false, or the #[\ReturnTypeWillChange] attribute should be used to temporarily suppress the notice D:\laragon\www\klinik\system\libraries\Session\drivers\Session_files_driver.php 356
ERROR - 2024-12-10 09:16:02 --> Severity: Warning --> ini_set(): Session ini settings cannot be changed after headers have already been sent D:\laragon\www\klinik\system\libraries\Session\Session.php 282
ERROR - 2024-12-10 09:16:02 --> Severity: Warning --> session_set_cookie_params(): Session cookie parameters cannot be changed after headers have already been sent D:\laragon\www\klinik\system\libraries\Session\Session.php 294
ERROR - 2024-12-10 09:16:02 --> Severity: Warning --> ini_set(): Session ini settings cannot be changed after headers have already been sent D:\laragon\www\klinik\system\libraries\Session\Session.php 304
ERROR - 2024-12-10 09:16:02 --> Severity: Warning --> ini_set(): Session ini settings cannot be changed after headers have already been sent D:\laragon\www\klinik\system\libraries\Session\Session.php 314
ERROR - 2024-12-10 09:16:02 --> Severity: Warning --> ini_set(): Session ini settings cannot be changed after headers have already been sent D:\laragon\www\klinik\system\libraries\Session\Session.php 315
ERROR - 2024-12-10 09:16:02 --> Severity: Warning --> ini_set(): Session ini settings cannot be changed after headers have already been sent D:\laragon\www\klinik\system\libraries\Session\Session.php 316
ERROR - 2024-12-10 09:16:02 --> Severity: Warning --> ini_set(): Session ini settings cannot be changed after headers have already been sent D:\laragon\www\klinik\system\libraries\Session\Session.php 317
ERROR - 2024-12-10 09:16:02 --> Severity: Warning --> ini_set(): Session ini settings cannot be changed after headers have already been sent D:\laragon\www\klinik\system\libraries\Session\Session.php 375
ERROR - 2024-12-10 09:16:02 --> Severity: Warning --> ini_set(): Session ini settings cannot be changed after headers have already been sent D:\laragon\www\klinik\system\libraries\Session\drivers\Session_files_driver.php 108
ERROR - 2024-12-10 09:16:02 --> Severity: Warning --> session_set_save_handler(): Session save handler cannot be changed after headers have already been sent D:\laragon\www\klinik\system\libraries\Session\Session.php 110
ERROR - 2024-12-10 09:16:02 --> Severity: Warning --> session_start(): Session cannot be started after headers have already been sent D:\laragon\www\klinik\system\libraries\Session\Session.php 143
ERROR - 2024-12-10 09:16:50 --> Severity: 8192 --> Return type of CI_Session_files_driver::open($save_path, $name) should either be compatible with SessionHandlerInterface::open(string $path, string $name): bool, or the #[\ReturnTypeWillChange] attribute should be used to temporarily suppress the notice D:\laragon\www\klinik\system\libraries\Session\drivers\Session_files_driver.php 132
ERROR - 2024-12-10 09:16:50 --> Severity: 8192 --> Return type of CI_Session_files_driver::close() should either be compatible with SessionHandlerInterface::close(): bool, or the #[\ReturnTypeWillChange] attribute should be used to temporarily suppress the notice D:\laragon\www\klinik\system\libraries\Session\drivers\Session_files_driver.php 292
ERROR - 2024-12-10 09:16:50 --> Severity: 8192 --> Return type of CI_Session_files_driver::read($session_id) should either be compatible with SessionHandlerInterface::read(string $id): string|false, or the #[\ReturnTypeWillChange] attribute should be used to temporarily suppress the notice D:\laragon\www\klinik\system\libraries\Session\drivers\Session_files_driver.php 166
ERROR - 2024-12-10 09:16:50 --> Severity: 8192 --> Return type of CI_Session_files_driver::write($session_id, $session_data) should either be compatible with SessionHandlerInterface::write(string $id, string $data): bool, or the #[\ReturnTypeWillChange] attribute should be used to temporarily suppress the notice D:\laragon\www\klinik\system\libraries\Session\drivers\Session_files_driver.php 235
ERROR - 2024-12-10 09:16:50 --> Severity: 8192 --> Return type of CI_Session_files_driver::destroy($session_id) should either be compatible with SessionHandlerInterface::destroy(string $id): bool, or the #[\ReturnTypeWillChange] attribute should be used to temporarily suppress the notice D:\laragon\www\klinik\system\libraries\Session\drivers\Session_files_driver.php 315
ERROR - 2024-12-10 09:16:50 --> Severity: 8192 --> Return type of CI_Session_files_driver::gc($maxlifetime) should either be compatible with SessionHandlerInterface::gc(int $max_lifetime): int|false, or the #[\ReturnTypeWillChange] attribute should be used to temporarily suppress the notice D:\laragon\www\klinik\system\libraries\Session\drivers\Session_files_driver.php 356
ERROR - 2024-12-10 09:16:50 --> Severity: Warning --> ini_set(): Session ini settings cannot be changed after headers have already been sent D:\laragon\www\klinik\system\libraries\Session\Session.php 282
ERROR - 2024-12-10 09:16:50 --> Severity: Warning --> session_set_cookie_params(): Session cookie parameters cannot be changed after headers have already been sent D:\laragon\www\klinik\system\libraries\Session\Session.php 294
ERROR - 2024-12-10 09:16:50 --> Severity: Warning --> ini_set(): Session ini settings cannot be changed after headers have already been sent D:\laragon\www\klinik\system\libraries\Session\Session.php 304
ERROR - 2024-12-10 09:16:50 --> Severity: Warning --> ini_set(): Session ini settings cannot be changed after headers have already been sent D:\laragon\www\klinik\system\libraries\Session\Session.php 314
ERROR - 2024-12-10 09:16:50 --> Severity: Warning --> ini_set(): Session ini settings cannot be changed after headers have already been sent D:\laragon\www\klinik\system\libraries\Session\Session.php 315
ERROR - 2024-12-10 09:16:50 --> Severity: Warning --> ini_set(): Session ini settings cannot be changed after headers have already been sent D:\laragon\www\klinik\system\libraries\Session\Session.php 316
ERROR - 2024-12-10 09:16:50 --> Severity: Warning --> ini_set(): Session ini settings cannot be changed after headers have already been sent D:\laragon\www\klinik\system\libraries\Session\Session.php 317
ERROR - 2024-12-10 09:16:50 --> Severity: Warning --> ini_set(): Session ini settings cannot be changed after headers have already been sent D:\laragon\www\klinik\system\libraries\Session\Session.php 375
ERROR - 2024-12-10 09:16:50 --> Severity: Warning --> ini_set(): Session ini settings cannot be changed after headers have already been sent D:\laragon\www\klinik\system\libraries\Session\drivers\Session_files_driver.php 108
ERROR - 2024-12-10 09:16:50 --> Severity: Warning --> session_set_save_handler(): Session save handler cannot be changed after headers have already been sent D:\laragon\www\klinik\system\libraries\Session\Session.php 110
ERROR - 2024-12-10 09:16:50 --> Severity: Warning --> session_start(): Session cannot be started after headers have already been sent D:\laragon\www\klinik\system\libraries\Session\Session.php 143
ERROR - 2024-12-10 09:23:34 --> Severity: 8192 --> Return type of CI_Session_files_driver::close() should either be compatible with SessionHandlerInterface::close(): bool, or the #[\ReturnTypeWillChange] attribute should be used to temporarily suppress the notice D:\laragon\www\klinik\system\libraries\Session\drivers\Session_files_driver.php 293
ERROR - 2024-12-10 09:23:34 --> Severity: 8192 --> Return type of CI_Session_files_driver::read($session_id) should either be compatible with SessionHandlerInterface::read(string $id): string|false, or the #[\ReturnTypeWillChange] attribute should be used to temporarily suppress the notice D:\laragon\www\klinik\system\libraries\Session\drivers\Session_files_driver.php 167
ERROR - 2024-12-10 09:23:34 --> Severity: 8192 --> Return type of CI_Session_files_driver::write($session_id, $session_data) should either be compatible with SessionHandlerInterface::write(string $id, string $data): bool, or the #[\ReturnTypeWillChange] attribute should be used to temporarily suppress the notice D:\laragon\www\klinik\system\libraries\Session\drivers\Session_files_driver.php 236
ERROR - 2024-12-10 09:23:34 --> Severity: 8192 --> Return type of CI_Session_files_driver::destroy($session_id) should either be compatible with SessionHandlerInterface::destroy(string $id): bool, or the #[\ReturnTypeWillChange] attribute should be used to temporarily suppress the notice D:\laragon\www\klinik\system\libraries\Session\drivers\Session_files_driver.php 316
ERROR - 2024-12-10 09:23:34 --> Severity: 8192 --> Return type of CI_Session_files_driver::gc($maxlifetime) should either be compatible with SessionHandlerInterface::gc(int $max_lifetime): int|false, or the #[\ReturnTypeWillChange] attribute should be used to temporarily suppress the notice D:\laragon\www\klinik\system\libraries\Session\drivers\Session_files_driver.php 357
ERROR - 2024-12-10 09:25:27 --> Severity: 8192 --> Return type of CI_Session_files_driver::destroy($session_id) should either be compatible with SessionHandlerInterface::destroy(string $id): bool, or the #[\ReturnTypeWillChange] attribute should be used to temporarily suppress the notice D:\laragon\www\klinik\system\libraries\Session\drivers\Session_files_driver.php 319
ERROR - 2024-12-10 09:25:27 --> Severity: 8192 --> Return type of CI_Session_files_driver::gc($maxlifetime) should either be compatible with SessionHandlerInterface::gc(int $max_lifetime): int|false, or the #[\ReturnTypeWillChange] attribute should be used to temporarily suppress the notice D:\laragon\www\klinik\system\libraries\Session\drivers\Session_files_driver.php 360
ERROR - 2024-12-10 16:27:11 --> Severity: 8192 --> number_format(): Passing null to parameter #1 ($num) of type float is deprecated D:\laragon\www\klinik\application\views\home_page.php 19
ERROR - 2024-12-10 16:31:36 --> Severity: 8192 --> number_format(): Passing null to parameter #1 ($num) of type float is deprecated D:\laragon\www\klinik\application\views\home_page.php 19
ERROR - 2024-12-10 16:32:01 --> Severity: 8192 --> str_replace(): Passing null to parameter #3 ($subject) of type array|string is deprecated D:\laragon\www\klinik\application\helpers\functions_helper.php 745
ERROR - 2024-12-10 16:32:02 --> Severity: 8192 --> str_replace(): Passing null to parameter #3 ($subject) of type array|string is deprecated D:\laragon\www\klinik\application\helpers\functions_helper.php 745
ERROR - 2024-12-10 16:32:24 --> Severity: error --> Exception: Expression #9 of SELECT list is not in GROUP BY clause and contains nonaggregated column 'db_klinik.p.nama' which is not functionally dependent on columns in GROUP BY clause; this is incompatible with sql_mode=only_full_group_by D:\laragon\www\klinik\system\database\drivers\mysqli\mysqli_driver.php 305
ERROR - 2024-12-10 16:32:36 --> Severity: 8192 --> number_format(): Passing null to parameter #1 ($num) of type float is deprecated D:\laragon\www\klinik\application\views\home_page.php 19
ERROR - 2024-12-10 16:35:01 --> Severity: Warning --> Undefined variable $nilai D:\laragon\www\klinik\application\views\home_page.php 19
ERROR - 2024-12-10 16:35:22 --> Severity: 8192 --> number_format(): Passing null to parameter #1 ($num) of type float is deprecated D:\laragon\www\klinik\application\views\home_page.php 19
ERROR - 2024-12-10 16:38:23 --> Severity: error --> Exception: Expression #1 of SELECT list is not in GROUP BY clause and contains nonaggregated column 'db_klinik.p.nama' which is not functionally dependent on columns in GROUP BY clause; this is incompatible with sql_mode=only_full_group_by D:\laragon\www\klinik\system\database\drivers\mysqli\mysqli_driver.php 305
