ERROR - 2019-03-21 09:38:09 --> Severity: Warning --> A non-numeric value encountered C:\xampp\htdocs\sisdemik\application\controllers\Api\Masterdata.php 19
ERROR - 2019-03-21 09:38:09 --> Query error: You have an error in your SQL syntax; check the manual that corresponds to your MariaDB server version for the right syntax to use near '-10 , 10' at line 1 - Invalid query: select * from tb_tahun_akademik where id is not null order by tahun  limit -10 , 10
ERROR - 2019-03-21 03:38:13 --> 404 Page Not Found: Assets/plugins
ERROR - 2019-03-21 09:38:14 --> Severity: Warning --> A non-numeric value encountered C:\xampp\htdocs\sisdemik\application\controllers\Api\Masterdata.php 19
ERROR - 2019-03-21 09:38:14 --> Query error: You have an error in your SQL syntax; check the manual that corresponds to your MariaDB server version for the right syntax to use near '-10 , 10' at line 1 - Invalid query: select * from tb_tahun_akademik where id is not null order by tahun  limit -10 , 10
ERROR - 2019-03-21 03:38:57 --> 404 Page Not Found: Assets/plugins
ERROR - 2019-03-21 03:39:17 --> 404 Page Not Found: Assets/plugins
ERROR - 2019-03-21 09:39:19 --> Severity: Warning --> A non-numeric value encountered C:\xampp\htdocs\sisdemik\application\controllers\Api\Masterdata.php 19
ERROR - 2019-03-21 09:39:19 --> Query error: You have an error in your SQL syntax; check the manual that corresponds to your MariaDB server version for the right syntax to use near '-10 , 10' at line 1 - Invalid query: select * from tb_tahun_akademik where id is not null order by tahun  limit -10 , 10
ERROR - 2019-03-21 03:42:07 --> 404 Page Not Found: Assets/plugins
ERROR - 2019-03-21 09:42:11 --> Severity: Warning --> A non-numeric value encountered C:\xampp\htdocs\sisdemik\application\controllers\Api\Masterdata.php 19
ERROR - 2019-03-21 09:42:11 --> Query error: You have an error in your SQL syntax; check the manual that corresponds to your MariaDB server version for the right syntax to use near '-10 , 10' at line 1 - Invalid query: select * from tb_tahun_akademik where id is not null order by tahun  limit -10 , 10
ERROR - 2019-03-21 03:42:23 --> 404 Page Not Found: Assets/plugins
ERROR - 2019-03-21 03:42:34 --> 404 Page Not Found: Assets/plugins
ERROR - 2019-03-21 09:42:44 --> Severity: Warning --> A non-numeric value encountered C:\xampp\htdocs\sisdemik\application\controllers\Api\Masterdata.php 19
ERROR - 2019-03-21 09:42:44 --> Query error: You have an error in your SQL syntax; check the manual that corresponds to your MariaDB server version for the right syntax to use near '-10 , 10' at line 1 - Invalid query: select * from tb_tahun_akademik where id is not null order by tahun  limit -10 , 10
ERROR - 2019-03-21 03:43:23 --> 404 Page Not Found: Assets/plugins
ERROR - 2019-03-21 03:44:33 --> 404 Page Not Found: Assets/plugins
ERROR - 2019-03-21 03:44:41 --> 404 Page Not Found: Assets/plugins
ERROR - 2019-03-21 03:47:59 --> 404 Page Not Found: Assets/plugins
ERROR - 2019-03-21 03:51:11 --> 404 Page Not Found: Assets/plugins
ERROR - 2019-03-21 03:51:33 --> 404 Page Not Found: Assets/plugins
ERROR - 2019-03-21 03:55:12 --> 404 Page Not Found: Assets/plugins
ERROR - 2019-03-21 03:56:41 --> 404 Page Not Found: Assets/plugins
ERROR - 2019-03-21 03:57:12 --> 404 Page Not Found: Assets/plugins
ERROR - 2019-03-21 04:00:24 --> 404 Page Not Found: Assets/plugins
ERROR - 2019-03-21 04:01:18 --> 404 Page Not Found: Assets/plugins
ERROR - 2019-03-21 04:01:42 --> 404 Page Not Found: Assets/plugins
ERROR - 2019-03-21 04:02:25 --> 404 Page Not Found: Assets/plugins
ERROR - 2019-03-21 10:02:27 --> Severity: Warning --> A non-numeric value encountered C:\xampp\htdocs\sisdemik\application\controllers\Api\Masterdata.php 19
ERROR - 2019-03-21 10:02:27 --> Query error: You have an error in your SQL syntax; check the manual that corresponds to your MariaDB server version for the right syntax to use near '-10 , 10' at line 1 - Invalid query: select * from tb_tahun_akademik where id is not null order by tahun  limit -10 , 10
ERROR - 2019-03-21 04:02:40 --> 404 Page Not Found: Assets/plugins
ERROR - 2019-03-21 04:04:37 --> 404 Page Not Found: Assets/plugins
ERROR - 2019-03-21 04:04:53 --> 404 Page Not Found: Assets/plugins
ERROR - 2019-03-21 04:04:54 --> 404 Page Not Found: Assets/plugins
ERROR - 2019-03-21 04:07:05 --> 404 Page Not Found: Assets/plugins
ERROR - 2019-03-21 04:07:42 --> 404 Page Not Found: Assets/plugins
ERROR - 2019-03-21 04:08:27 --> 404 Page Not Found: Assets/plugins
ERROR - 2019-03-21 04:09:29 --> 404 Page Not Found: Assets/plugins
ERROR - 2019-03-21 04:09:29 --> Severity: error --> Exception: syntax error, unexpected '}' C:\xampp\htdocs\sisdemik\application\controllers\Api\Masterdata.php 446
ERROR - 2019-03-21 04:09:39 --> Severity: error --> Exception: syntax error, unexpected '}' C:\xampp\htdocs\sisdemik\application\controllers\Api\Masterdata.php 446
ERROR - 2019-03-21 04:09:50 --> 404 Page Not Found: Assets/plugins
ERROR - 2019-03-21 10:09:54 --> Severity: Warning --> A non-numeric value encountered C:\xampp\htdocs\sisdemik\application\controllers\Api\Masterdata.php 19
ERROR - 2019-03-21 10:09:54 --> Query error: You have an error in your SQL syntax; check the manual that corresponds to your MariaDB server version for the right syntax to use near '-10 , 10' at line 1 - Invalid query: select * from tb_tahun_akademik where id is not null order by tahun  limit -10 , 10
ERROR - 2019-03-21 10:10:40 --> Severity: Warning --> A non-numeric value encountered C:\xampp\htdocs\sisdemik\application\controllers\Api\Masterdata.php 19
ERROR - 2019-03-21 10:10:40 --> Query error: You have an error in your SQL syntax; check the manual that corresponds to your MariaDB server version for the right syntax to use near '-10 , 10' at line 1 - Invalid query: select * from tb_tahun_akademik where id is not null order by tahun  limit -10 , 10
ERROR - 2019-03-21 10:10:49 --> Severity: Warning --> A non-numeric value encountered C:\xampp\htdocs\sisdemik\application\controllers\Api\Masterdata.php 19
ERROR - 2019-03-21 10:10:49 --> Query error: You have an error in your SQL syntax; check the manual that corresponds to your MariaDB server version for the right syntax to use near '-10 , 10' at line 1 - Invalid query: select * from tb_tahun_akademik where id is not null order by tahun  limit -10 , 10
ERROR - 2019-03-21 04:11:36 --> 404 Page Not Found: Assets/plugins
ERROR - 2019-03-21 10:54:10 --> Severity: Warning --> A non-numeric value encountered C:\xampp\htdocs\sisdemik\application\controllers\Api\Masterdata.php 19
ERROR - 2019-03-21 10:54:10 --> Query error: You have an error in your SQL syntax; check the manual that corresponds to your MariaDB server version for the right syntax to use near '-10 , 10' at line 1 - Invalid query: select * from tb_tahun_akademik where id is not null order by tahun  limit -10 , 10
ERROR - 2019-03-21 10:54:18 --> Severity: Warning --> A non-numeric value encountered C:\xampp\htdocs\sisdemik\application\controllers\Api\Masterdata.php 19
ERROR - 2019-03-21 10:54:18 --> Query error: You have an error in your SQL syntax; check the manual that corresponds to your MariaDB server version for the right syntax to use near '-10 , 10' at line 1 - Invalid query: select * from tb_tahun_akademik where id is not null order by tahun  limit -10 , 10
ERROR - 2019-03-21 10:54:21 --> Severity: Warning --> A non-numeric value encountered C:\xampp\htdocs\sisdemik\application\controllers\Api\Masterdata.php 19
ERROR - 2019-03-21 10:54:21 --> Query error: You have an error in your SQL syntax; check the manual that corresponds to your MariaDB server version for the right syntax to use near '-10 , 10' at line 1 - Invalid query: select * from tb_tahun_akademik where id is not null order by tahun  limit -10 , 10
ERROR - 2019-03-21 04:54:28 --> 404 Page Not Found: Assets/plugins
ERROR - 2019-03-21 04:54:49 --> 404 Page Not Found: Assets/plugins
ERROR - 2019-03-21 10:54:51 --> Severity: Warning --> A non-numeric value encountered C:\xampp\htdocs\sisdemik\application\controllers\Api\Masterdata.php 19
ERROR - 2019-03-21 10:54:51 --> Query error: You have an error in your SQL syntax; check the manual that corresponds to your MariaDB server version for the right syntax to use near '-10 , 10' at line 1 - Invalid query: select * from tb_tahun_akademik where id is not null order by tahun  limit -10 , 10
ERROR - 2019-03-21 04:55:37 --> 404 Page Not Found: Assets/plugins
ERROR - 2019-03-21 10:55:39 --> Severity: Warning --> A non-numeric value encountered C:\xampp\htdocs\sisdemik\application\controllers\Api\Masterdata.php 19
ERROR - 2019-03-21 10:55:39 --> Query error: You have an error in your SQL syntax; check the manual that corresponds to your MariaDB server version for the right syntax to use near '-10 , 10' at line 1 - Invalid query: select * from tb_tahun_akademik where id is not null order by tahun  limit -10 , 10
ERROR - 2019-03-21 10:55:49 --> Severity: Warning --> A non-numeric value encountered C:\xampp\htdocs\sisdemik\application\controllers\Api\Masterdata.php 19
ERROR - 2019-03-21 10:55:49 --> Query error: You have an error in your SQL syntax; check the manual that corresponds to your MariaDB server version for the right syntax to use near '-10 , 10' at line 1 - Invalid query: select * from tb_tahun_akademik where id is not null order by tahun  limit -10 , 10
ERROR - 2019-03-21 04:57:34 --> 404 Page Not Found: Assets/plugins
ERROR - 2019-03-21 10:57:35 --> Severity: Warning --> A non-numeric value encountered C:\xampp\htdocs\sisdemik\application\controllers\Api\Masterdata.php 19
ERROR - 2019-03-21 10:57:35 --> Query error: You have an error in your SQL syntax; check the manual that corresponds to your MariaDB server version for the right syntax to use near '-10 , 10' at line 1 - Invalid query: select * from tb_tahun_akademik where id is not null order by tahun  limit -10 , 10
ERROR - 2019-03-21 04:58:18 --> 404 Page Not Found: Assets/plugins
ERROR - 2019-03-21 10:58:21 --> Severity: Warning --> A non-numeric value encountered C:\xampp\htdocs\sisdemik\application\controllers\Api\Masterdata.php 19
ERROR - 2019-03-21 10:58:21 --> Query error: You have an error in your SQL syntax; check the manual that corresponds to your MariaDB server version for the right syntax to use near '-10 , 10' at line 1 - Invalid query: select * from tb_tahun_akademik where id is not null order by tahun  limit -10 , 10
ERROR - 2019-03-21 10:58:24 --> Severity: Warning --> A non-numeric value encountered C:\xampp\htdocs\sisdemik\application\controllers\Api\Masterdata.php 19
ERROR - 2019-03-21 10:58:24 --> Query error: You have an error in your SQL syntax; check the manual that corresponds to your MariaDB server version for the right syntax to use near '-10 , 10' at line 1 - Invalid query: select * from tb_tahun_akademik where id is not null order by tahun  limit -10 , 10
ERROR - 2019-03-21 10:58:33 --> Severity: Warning --> A non-numeric value encountered C:\xampp\htdocs\sisdemik\application\controllers\Api\Masterdata.php 19
ERROR - 2019-03-21 10:58:33 --> Query error: You have an error in your SQL syntax; check the manual that corresponds to your MariaDB server version for the right syntax to use near '-10 , 10' at line 1 - Invalid query: select * from tb_tahun_akademik where id is not null order by tahun  limit -10 , 10
ERROR - 2019-03-21 04:58:33 --> 404 Page Not Found: Assets/plugins
ERROR - 2019-03-21 05:00:30 --> 404 Page Not Found: Assets/plugins
ERROR - 2019-03-21 11:00:34 --> Severity: Warning --> A non-numeric value encountered C:\xampp\htdocs\sisdemik\application\controllers\Api\Masterdata.php 19
ERROR - 2019-03-21 11:00:34 --> Query error: You have an error in your SQL syntax; check the manual that corresponds to your MariaDB server version for the right syntax to use near '-10 , 10' at line 1 - Invalid query: select * from tb_tahun_akademik where id is not null order by tahun  limit -10 , 10
ERROR - 2019-03-21 05:00:41 --> 404 Page Not Found: Assets/plugins
ERROR - 2019-03-21 11:00:43 --> Severity: Warning --> A non-numeric value encountered C:\xampp\htdocs\sisdemik\application\controllers\Api\Masterdata.php 19
ERROR - 2019-03-21 11:00:43 --> Query error: You have an error in your SQL syntax; check the manual that corresponds to your MariaDB server version for the right syntax to use near '-10 , 10' at line 1 - Invalid query: select * from tb_tahun_akademik where id is not null order by tahun  limit -10 , 10
ERROR - 2019-03-21 05:01:22 --> 404 Page Not Found: Assets/plugins
ERROR - 2019-03-21 11:01:23 --> Severity: Warning --> A non-numeric value encountered C:\xampp\htdocs\sisdemik\application\controllers\Api\Masterdata.php 19
ERROR - 2019-03-21 11:01:23 --> Query error: You have an error in your SQL syntax; check the manual that corresponds to your MariaDB server version for the right syntax to use near '-10 , 10' at line 1 - Invalid query: select * from tb_tahun_akademik where id is not null order by tahun  limit -10 , 10
ERROR - 2019-03-21 05:01:52 --> 404 Page Not Found: Assets/plugins
ERROR - 2019-03-21 11:01:53 --> Severity: error --> Exception: Call to undefined method Masterdata::get_safe() C:\xampp\htdocs\sisdemik\application\controllers\Api\Masterdata.php 429
ERROR - 2019-03-21 11:01:53 --> Severity: Warning --> A non-numeric value encountered C:\xampp\htdocs\sisdemik\application\controllers\Api\Masterdata.php 19
ERROR - 2019-03-21 11:01:53 --> Query error: You have an error in your SQL syntax; check the manual that corresponds to your MariaDB server version for the right syntax to use near '-10 , 10' at line 1 - Invalid query: select * from tb_tahun_akademik where id is not null order by tahun  limit -10 , 10
ERROR - 2019-03-21 05:02:21 --> 404 Page Not Found: Assets/plugins
ERROR - 2019-03-21 11:02:23 --> Severity: Warning --> A non-numeric value encountered C:\xampp\htdocs\sisdemik\application\controllers\Api\Masterdata.php 19
ERROR - 2019-03-21 11:02:23 --> Query error: You have an error in your SQL syntax; check the manual that corresponds to your MariaDB server version for the right syntax to use near '-10 , 10' at line 1 - Invalid query: select * from tb_tahun_akademik where id is not null order by tahun  limit -10 , 10
ERROR - 2019-03-21 05:02:56 --> 404 Page Not Found: Assets/plugins
ERROR - 2019-03-21 11:02:59 --> Severity: Warning --> A non-numeric value encountered C:\xampp\htdocs\sisdemik\application\controllers\Api\Masterdata.php 19
ERROR - 2019-03-21 11:02:59 --> Query error: You have an error in your SQL syntax; check the manual that corresponds to your MariaDB server version for the right syntax to use near '-10 , 10' at line 1 - Invalid query: select * from tb_tahun_akademik where id is not null order by tahun  limit -10 , 10
ERROR - 2019-03-21 05:03:47 --> 404 Page Not Found: Assets/plugins
ERROR - 2019-03-21 11:03:48 --> Severity: error --> Exception: Call to undefined method Masterdata::post_safe() C:\xampp\htdocs\sisdemik\application\controllers\Api\Masterdata.php 429
ERROR - 2019-03-21 11:03:49 --> Severity: Warning --> A non-numeric value encountered C:\xampp\htdocs\sisdemik\application\controllers\Api\Masterdata.php 19
ERROR - 2019-03-21 11:03:49 --> Query error: You have an error in your SQL syntax; check the manual that corresponds to your MariaDB server version for the right syntax to use near '-10 , 10' at line 1 - Invalid query: select * from tb_tahun_akademik where id is not null order by tahun  limit -10 , 10
ERROR - 2019-03-21 05:03:59 --> 404 Page Not Found: Assets/plugins
ERROR - 2019-03-21 11:04:01 --> Severity: Warning --> A non-numeric value encountered C:\xampp\htdocs\sisdemik\application\controllers\Api\Masterdata.php 19
ERROR - 2019-03-21 11:04:01 --> Query error: You have an error in your SQL syntax; check the manual that corresponds to your MariaDB server version for the right syntax to use near '-10 , 10' at line 1 - Invalid query: select * from tb_tahun_akademik where id is not null order by tahun  limit -10 , 10
ERROR - 2019-03-21 05:07:44 --> 404 Page Not Found: Assets/plugins
ERROR - 2019-03-21 05:07:45 --> Severity: error --> Exception: syntax error, unexpected ';', expecting ')' C:\xampp\htdocs\sisdemik\application\controllers\Api\Masterdata.php 433
ERROR - 2019-03-21 05:07:47 --> Severity: error --> Exception: syntax error, unexpected ';', expecting ')' C:\xampp\htdocs\sisdemik\application\controllers\Api\Masterdata.php 433
ERROR - 2019-03-21 05:07:50 --> 404 Page Not Found: Assets/plugins
ERROR - 2019-03-21 05:07:50 --> Severity: error --> Exception: syntax error, unexpected ';', expecting ')' C:\xampp\htdocs\sisdemik\application\controllers\Api\Masterdata.php 433
ERROR - 2019-03-21 05:07:55 --> 404 Page Not Found: Assets/plugins
ERROR - 2019-03-21 11:08:02 --> Severity: Notice --> Array to string conversion C:\xampp\htdocs\sisdemik\application\controllers\Api\Masterdata.php 436
ERROR - 2019-03-21 11:08:02 --> Severity: Warning --> A non-numeric value encountered C:\xampp\htdocs\sisdemik\application\controllers\Api\Masterdata.php 19
ERROR - 2019-03-21 11:08:02 --> Query error: You have an error in your SQL syntax; check the manual that corresponds to your MariaDB server version for the right syntax to use near '-10 , 10' at line 1 - Invalid query: select * from tb_tahun_akademik where id is not null order by tahun  limit -10 , 10
ERROR - 2019-03-21 05:08:45 --> 404 Page Not Found: Assets/plugins
ERROR - 2019-03-21 11:08:48 --> Severity: Warning --> A non-numeric value encountered C:\xampp\htdocs\sisdemik\application\controllers\Api\Masterdata.php 19
ERROR - 2019-03-21 11:08:48 --> Query error: You have an error in your SQL syntax; check the manual that corresponds to your MariaDB server version for the right syntax to use near '-10 , 10' at line 1 - Invalid query: select * from tb_tahun_akademik where id is not null order by tahun  limit -10 , 10
ERROR - 2019-03-21 05:11:52 --> 404 Page Not Found: Assets/plugins
ERROR - 2019-03-21 11:11:53 --> Severity: Warning --> A non-numeric value encountered C:\xampp\htdocs\sisdemik\application\controllers\Api\Masterdata.php 19
ERROR - 2019-03-21 11:11:53 --> Query error: You have an error in your SQL syntax; check the manual that corresponds to your MariaDB server version for the right syntax to use near '-10 , 10' at line 1 - Invalid query: select * from tb_tahun_akademik where id is not null order by tahun  limit -10 , 10
ERROR - 2019-03-21 05:12:05 --> 404 Page Not Found: Assets/plugins
ERROR - 2019-03-21 11:12:07 --> Severity: Warning --> A non-numeric value encountered C:\xampp\htdocs\sisdemik\application\controllers\Api\Masterdata.php 19
ERROR - 2019-03-21 11:12:07 --> Query error: You have an error in your SQL syntax; check the manual that corresponds to your MariaDB server version for the right syntax to use near '-10 , 10' at line 1 - Invalid query: select * from tb_tahun_akademik where id is not null order by tahun  limit -10 , 10
ERROR - 2019-03-21 05:12:21 --> 404 Page Not Found: Assets/plugins
ERROR - 2019-03-21 11:12:23 --> Severity: Warning --> A non-numeric value encountered C:\xampp\htdocs\sisdemik\application\controllers\Api\Masterdata.php 19
ERROR - 2019-03-21 11:12:23 --> Query error: You have an error in your SQL syntax; check the manual that corresponds to your MariaDB server version for the right syntax to use near '-10 , 10' at line 1 - Invalid query: select * from tb_tahun_akademik where id is not null order by tahun  limit -10 , 10
ERROR - 2019-03-21 05:12:50 --> 404 Page Not Found: Assets/plugins
ERROR - 2019-03-21 05:12:50 --> Severity: error --> Exception: syntax error, unexpected '$add' (T_VARIABLE) C:\xampp\htdocs\sisdemik\application\controllers\Api\Masterdata.php 431
ERROR - 2019-03-21 05:12:56 --> 404 Page Not Found: Assets/plugins
ERROR - 2019-03-21 05:12:56 --> Severity: error --> Exception: syntax error, unexpected ',' C:\xampp\htdocs\sisdemik\application\controllers\Api\Masterdata.php 433
ERROR - 2019-03-21 05:13:05 --> Severity: error --> Exception: syntax error, unexpected ',' C:\xampp\htdocs\sisdemik\application\controllers\Api\Masterdata.php 433
ERROR - 2019-03-21 05:13:18 --> 404 Page Not Found: Assets/plugins
ERROR - 2019-03-21 11:13:19 --> Severity: Warning --> A non-numeric value encountered C:\xampp\htdocs\sisdemik\application\controllers\Api\Masterdata.php 19
ERROR - 2019-03-21 11:13:19 --> Query error: You have an error in your SQL syntax; check the manual that corresponds to your MariaDB server version for the right syntax to use near '-10 , 10' at line 1 - Invalid query: select * from tb_tahun_akademik where id is not null order by tahun  limit -10 , 10
ERROR - 2019-03-21 05:14:14 --> 404 Page Not Found: Assets/plugins
ERROR - 2019-03-21 11:14:17 --> Severity: Warning --> A non-numeric value encountered C:\xampp\htdocs\sisdemik\application\controllers\Api\Masterdata.php 19
ERROR - 2019-03-21 11:14:17 --> Query error: You have an error in your SQL syntax; check the manual that corresponds to your MariaDB server version for the right syntax to use near '-10 , 10' at line 1 - Invalid query: select * from tb_tahun_akademik where id is not null order by tahun  limit -10 , 10
ERROR - 2019-03-21 05:18:42 --> 404 Page Not Found: Assets/plugins
ERROR - 2019-03-21 05:18:46 --> 404 Page Not Found: Assets/plugins
ERROR - 2019-03-21 11:18:50 --> Severity: Notice --> Undefined index: status C:\xampp\htdocs\sisdemik\application\controllers\Api\Masterdata.php 429
ERROR - 2019-03-21 11:18:50 --> Severity: Warning --> A non-numeric value encountered C:\xampp\htdocs\sisdemik\application\controllers\Api\Masterdata.php 19
ERROR - 2019-03-21 11:18:50 --> Query error: You have an error in your SQL syntax; check the manual that corresponds to your MariaDB server version for the right syntax to use near '-10 , 10' at line 1 - Invalid query: select * from tb_tahun_akademik where id is not null order by tahun  limit -10 , 10
ERROR - 2019-03-21 05:19:02 --> 404 Page Not Found: Assets/plugins
ERROR - 2019-03-21 11:19:04 --> Severity: Notice --> Undefined index: status C:\xampp\htdocs\sisdemik\application\controllers\Api\Masterdata.php 429
ERROR - 2019-03-21 11:19:04 --> Severity: Warning --> A non-numeric value encountered C:\xampp\htdocs\sisdemik\application\controllers\Api\Masterdata.php 19
ERROR - 2019-03-21 11:19:04 --> Query error: You have an error in your SQL syntax; check the manual that corresponds to your MariaDB server version for the right syntax to use near '-10 , 10' at line 1 - Invalid query: select * from tb_tahun_akademik where id is not null order by tahun  limit -10 , 10
ERROR - 2019-03-21 05:21:15 --> 404 Page Not Found: Assets/plugins
ERROR - 2019-03-21 11:21:18 --> Severity: Warning --> A non-numeric value encountered C:\xampp\htdocs\sisdemik\application\controllers\Api\Masterdata.php 19
ERROR - 2019-03-21 11:21:18 --> Query error: You have an error in your SQL syntax; check the manual that corresponds to your MariaDB server version for the right syntax to use near '-10 , 10' at line 1 - Invalid query: select * from tb_tahun_akademik where id is not null order by tahun  limit -10 , 10
ERROR - 2019-03-21 05:21:28 --> 404 Page Not Found: Assets/plugins
ERROR - 2019-03-21 11:21:30 --> Severity: Warning --> A non-numeric value encountered C:\xampp\htdocs\sisdemik\application\controllers\Api\Masterdata.php 19
ERROR - 2019-03-21 11:21:30 --> Query error: You have an error in your SQL syntax; check the manual that corresponds to your MariaDB server version for the right syntax to use near '-10 , 10' at line 1 - Invalid query: select * from tb_tahun_akademik where id is not null order by tahun  limit -10 , 10
ERROR - 2019-03-21 05:22:40 --> 404 Page Not Found: Assets/plugins
ERROR - 2019-03-21 05:22:41 --> Severity: error --> Exception: syntax error, unexpected ';' C:\xampp\htdocs\sisdemik\application\controllers\Api\Masterdata.php 429
ERROR - 2019-03-21 05:23:04 --> 404 Page Not Found: Assets/plugins
ERROR - 2019-03-21 05:23:04 --> Severity: error --> Exception: syntax error, unexpected ';' C:\xampp\htdocs\sisdemik\application\controllers\Api\Masterdata.php 429
ERROR - 2019-03-21 05:23:15 --> 404 Page Not Found: Assets/plugins
ERROR - 2019-03-21 11:23:18 --> Severity: Notice --> Undefined variable: data C:\xampp\htdocs\sisdemik\application\controllers\Api\Masterdata.php 437
ERROR - 2019-03-21 11:23:18 --> Severity: Warning --> A non-numeric value encountered C:\xampp\htdocs\sisdemik\application\controllers\Api\Masterdata.php 19
ERROR - 2019-03-21 11:23:18 --> Query error: You have an error in your SQL syntax; check the manual that corresponds to your MariaDB server version for the right syntax to use near '-10 , 10' at line 1 - Invalid query: select * from tb_tahun_akademik where id is not null order by tahun  limit -10 , 10
ERROR - 2019-03-21 11:23:24 --> Severity: Notice --> Undefined variable: data C:\xampp\htdocs\sisdemik\application\controllers\Api\Masterdata.php 437
ERROR - 2019-03-21 11:23:24 --> Severity: Warning --> A non-numeric value encountered C:\xampp\htdocs\sisdemik\application\controllers\Api\Masterdata.php 19
ERROR - 2019-03-21 11:23:24 --> Query error: You have an error in your SQL syntax; check the manual that corresponds to your MariaDB server version for the right syntax to use near '-10 , 10' at line 1 - Invalid query: select * from tb_tahun_akademik where id is not null order by tahun  limit -10 , 10
ERROR - 2019-03-21 05:23:33 --> 404 Page Not Found: Assets/plugins
ERROR - 2019-03-21 11:23:35 --> Severity: Notice --> Undefined variable: data C:\xampp\htdocs\sisdemik\application\controllers\Api\Masterdata.php 437
ERROR - 2019-03-21 11:23:36 --> Severity: Warning --> A non-numeric value encountered C:\xampp\htdocs\sisdemik\application\controllers\Api\Masterdata.php 19
ERROR - 2019-03-21 11:23:36 --> Query error: You have an error in your SQL syntax; check the manual that corresponds to your MariaDB server version for the right syntax to use near '-10 , 10' at line 1 - Invalid query: select * from tb_tahun_akademik where id is not null order by tahun  limit -10 , 10
ERROR - 2019-03-21 05:24:18 --> 404 Page Not Found: Assets/plugins
ERROR - 2019-03-21 05:24:18 --> Severity: error --> Exception: syntax error, unexpected '$add' (T_VARIABLE) C:\xampp\htdocs\sisdemik\application\controllers\Api\Masterdata.php 432
ERROR - 2019-03-21 05:24:27 --> 404 Page Not Found: Assets/plugins
ERROR - 2019-03-21 11:24:31 --> Severity: Warning --> A non-numeric value encountered C:\xampp\htdocs\sisdemik\application\controllers\Api\Masterdata.php 19
ERROR - 2019-03-21 11:24:31 --> Query error: You have an error in your SQL syntax; check the manual that corresponds to your MariaDB server version for the right syntax to use near '-10 , 10' at line 1 - Invalid query: select * from tb_tahun_akademik where id is not null order by tahun  limit -10 , 10
ERROR - 2019-03-21 05:25:16 --> 404 Page Not Found: Assets/plugins
ERROR - 2019-03-21 05:25:58 --> 404 Page Not Found: Assets/plugins
ERROR - 2019-03-21 05:40:52 --> 404 Page Not Found: Assets/plugins
ERROR - 2019-03-21 11:40:53 --> Severity: Warning --> A non-numeric value encountered C:\xampp\htdocs\sisdemik\application\controllers\Api\Masterdata.php 19
ERROR - 2019-03-21 11:40:53 --> Query error: You have an error in your SQL syntax; check the manual that corresponds to your MariaDB server version for the right syntax to use near '-10 , 10' at line 1 - Invalid query: select * from tb_tahun_akademik where id is not null order by tahun  limit -10 , 10
ERROR - 2019-03-21 05:41:22 --> 404 Page Not Found: Assets/plugins
ERROR - 2019-03-21 11:41:27 --> Severity: Warning --> A non-numeric value encountered C:\xampp\htdocs\sisdemik\application\controllers\Api\Masterdata.php 19
ERROR - 2019-03-21 11:41:27 --> Query error: You have an error in your SQL syntax; check the manual that corresponds to your MariaDB server version for the right syntax to use near '-10 , 10' at line 1 - Invalid query: select * from tb_tahun_akademik where id is not null order by tahun  limit -10 , 10
ERROR - 2019-03-21 05:42:33 --> 404 Page Not Found: Assets/plugins
ERROR - 2019-03-21 05:42:58 --> 404 Page Not Found: Assets/plugins
ERROR - 2019-03-21 11:43:00 --> Severity: error --> Exception: Call to undefined method M_masterdata::update_tahun_akademik() C:\xampp\htdocs\sisdemik\application\controllers\Api\Masterdata.php 443
ERROR - 2019-03-21 11:43:00 --> Severity: Warning --> A non-numeric value encountered C:\xampp\htdocs\sisdemik\application\controllers\Api\Masterdata.php 19
ERROR - 2019-03-21 11:43:00 --> Query error: You have an error in your SQL syntax; check the manual that corresponds to your MariaDB server version for the right syntax to use near '-10 , 10' at line 1 - Invalid query: select * from tb_tahun_akademik where id is not null order by tahun  limit -10 , 10
ERROR - 2019-03-21 05:43:55 --> 404 Page Not Found: Assets/plugins
ERROR - 2019-03-21 05:44:25 --> 404 Page Not Found: Assets/plugins
ERROR - 2019-03-21 05:45:41 --> 404 Page Not Found: Assets/plugins
ERROR - 2019-03-21 05:47:05 --> 404 Page Not Found: Assets/plugins
ERROR - 2019-03-21 05:47:17 --> 404 Page Not Found: Assets/plugins
ERROR - 2019-03-21 05:47:26 --> 404 Page Not Found: Assets/plugins
ERROR - 2019-03-21 05:47:43 --> 404 Page Not Found: Assets/plugins
ERROR - 2019-03-21 05:48:13 --> 404 Page Not Found: Assets/plugins
ERROR - 2019-03-21 05:48:37 --> 404 Page Not Found: Assets/plugins
ERROR - 2019-03-21 05:48:52 --> 404 Page Not Found: Assets/plugins
ERROR - 2019-03-21 05:48:59 --> 404 Page Not Found: Assets/plugins
ERROR - 2019-03-21 05:49:42 --> 404 Page Not Found: Assets/plugins
ERROR - 2019-03-21 05:50:08 --> 404 Page Not Found: Assets/plugins
ERROR - 2019-03-21 05:50:29 --> 404 Page Not Found: Assets/plugins
ERROR - 2019-03-21 05:51:02 --> 404 Page Not Found: Assets/plugins
ERROR - 2019-03-21 05:52:33 --> 404 Page Not Found: Assets/plugins
ERROR - 2019-03-21 05:52:45 --> 404 Page Not Found: Assets/plugins
ERROR - 2019-03-21 05:53:25 --> 404 Page Not Found: Assets/plugins
ERROR - 2019-03-21 05:55:50 --> 404 Page Not Found: Assets/plugins
ERROR - 2019-03-21 05:55:50 --> Severity: error --> Exception: syntax error, unexpected ',' C:\xampp\htdocs\sisdemik\application\controllers\Api\Masterdata.php 444
ERROR - 2019-03-21 05:55:56 --> Severity: error --> Exception: syntax error, unexpected ',' C:\xampp\htdocs\sisdemik\application\controllers\Api\Masterdata.php 444
ERROR - 2019-03-21 05:56:25 --> 404 Page Not Found: Assets/plugins
ERROR - 2019-03-21 05:59:10 --> 404 Page Not Found: Assets/plugins
ERROR - 2019-03-21 08:13:07 --> Severity: Compile Error --> Cannot redeclare Masterdata::ganti_status_tahun_post() C:\xampp\htdocs\sisdemik\application\controllers\Api\Masterdata.php 511
ERROR - 2019-03-21 08:13:09 --> 404 Page Not Found: Assets/plugins
ERROR - 2019-03-21 08:13:12 --> Severity: Compile Error --> Cannot redeclare Masterdata::ganti_status_tahun_post() C:\xampp\htdocs\sisdemik\application\controllers\Api\Masterdata.php 511
ERROR - 2019-03-21 08:13:27 --> 404 Page Not Found: Assets/plugins
ERROR - 2019-03-21 08:14:24 --> 404 Page Not Found: Assets/plugins
ERROR - 2019-03-21 08:14:44 --> 404 Page Not Found: Assets/plugins
ERROR - 2019-03-21 08:15:32 --> 404 Page Not Found: Assets/plugins
ERROR - 2019-03-21 08:16:26 --> 404 Page Not Found: Assets/plugins
ERROR - 2019-03-21 14:16:26 --> Severity: error --> Exception: syntax error, unexpected '=', expecting ';' C:\xampp\htdocs\sisdemik\application\models\M_masterdata.php 603
ERROR - 2019-03-21 14:16:33 --> Severity: error --> Exception: syntax error, unexpected '=', expecting ';' C:\xampp\htdocs\sisdemik\application\models\M_masterdata.php 603
ERROR - 2019-03-21 08:16:42 --> 404 Page Not Found: Assets/plugins
ERROR - 2019-03-21 08:17:38 --> 404 Page Not Found: Assets/plugins
ERROR - 2019-03-21 08:19:26 --> 404 Page Not Found: Assets/plugins
ERROR - 2019-03-21 08:20:19 --> 404 Page Not Found: Assets/plugins
ERROR - 2019-03-21 14:20:31 --> Query error: You have an error in your SQL syntax; check the manual that corresponds to your MariaDB server version for the right syntax to use near ''%1A%''  order by tingkat  limit 0 , 10' at line 2 - Invalid query: select * from tb_kelas where id is not null and tingkat like '%1A%' 
                   or nama_kelas like '%1A%''  order by tingkat  limit 0 , 10
ERROR - 2019-03-21 08:20:32 --> 404 Page Not Found: Assets/plugins
ERROR - 2019-03-21 08:20:34 --> 404 Page Not Found: Assets/plugins
ERROR - 2019-03-21 14:20:37 --> Query error: You have an error in your SQL syntax; check the manual that corresponds to your MariaDB server version for the right syntax to use near ''%A%''  order by tingkat  limit 0 , 10' at line 2 - Invalid query: select * from tb_kelas where id is not null and tingkat like '%A%' 
                   or nama_kelas like '%A%''  order by tingkat  limit 0 , 10
ERROR - 2019-03-21 14:20:37 --> Query error: You have an error in your SQL syntax; check the manual that corresponds to your MariaDB server version for the right syntax to use near ''%A%''  order by tingkat  limit 0 , 10' at line 2 - Invalid query: select * from tb_kelas where id is not null and tingkat like '%A%' 
                   or nama_kelas like '%A%''  order by tingkat  limit 0 , 10
ERROR - 2019-03-21 14:20:45 --> Query error: You have an error in your SQL syntax; check the manual that corresponds to your MariaDB server version for the right syntax to use near ''%A%''  order by tingkat  limit 0 , 10' at line 2 - Invalid query: select * from tb_kelas where id is not null and tingkat like '%A%' 
                   or nama_kelas like '%A%''  order by tingkat  limit 0 , 10
ERROR - 2019-03-21 08:21:50 --> 404 Page Not Found: Assets/plugins
ERROR - 2019-03-21 15:16:49 --> Query error: You have an error in your SQL syntax; check the manual that corresponds to your MariaDB server version for the right syntax to use near 'IFNULL(mp.nama, '') as nama_mata_pelajaran 
                from tb_kkm k
    ' at line 3 - Invalid query: select k.*, 
                IFNULL(mp.kode, '') as kode_mata_pelajaran 
                IFNULL(mp.nama, '') as nama_mata_pelajaran 
                from tb_kkm k
                join tb_mata_pelajaran mp on (k.id_mata_pelajaran = mp.id)
                where k.id is not null order by k.id  limit 0 , 10
ERROR - 2019-03-21 09:16:51 --> 404 Page Not Found: Assets/plugins
ERROR - 2019-03-21 15:17:01 --> Query error: You have an error in your SQL syntax; check the manual that corresponds to your MariaDB server version for the right syntax to use near 'IFNULL(mp.nama, '') as nama_mata_pelajaran 
                from tb_kkm k
    ' at line 3 - Invalid query: select k.*, 
                IFNULL(mp.kode, '') as kode_mata_pelajaran 
                IFNULL(mp.nama, '') as nama_mata_pelajaran 
                from tb_kkm k
                join tb_mata_pelajaran mp on (k.id_mata_pelajaran = mp.id)
                where k.id is not null order by k.id  limit 0 , 10
ERROR - 2019-03-21 09:17:03 --> 404 Page Not Found: Assets/plugins
ERROR - 2019-03-21 15:17:04 --> Query error: You have an error in your SQL syntax; check the manual that corresponds to your MariaDB server version for the right syntax to use near 'IFNULL(mp.nama, '') as nama_mata_pelajaran 
                from tb_kkm k
    ' at line 3 - Invalid query: select k.*, 
                IFNULL(mp.kode, '') as kode_mata_pelajaran 
                IFNULL(mp.nama, '') as nama_mata_pelajaran 
                from tb_kkm k
                join tb_mata_pelajaran mp on (k.id_mata_pelajaran = mp.id)
                where k.id is not null order by k.id  limit 0 , 10
ERROR - 2019-03-21 15:17:30 --> Query error: You have an error in your SQL syntax; check the manual that corresponds to your MariaDB server version for the right syntax to use near 'IFNULL(mp.nama, '') as nama_mata_pelajaran 
                from tb_kkm k
    ' at line 3 - Invalid query: select k.*, 
                IFNULL(mp.kode, '') as kode_mata_pelajaran 
                IFNULL(mp.nama, '') as nama_mata_pelajaran 
                from tb_kkm k
                join tb_mata_pelajaran mp on (k.id_mata_pelajaran = mp.id)
                where k.id is not null order by k.id  limit 0 , 10
ERROR - 2019-03-21 09:17:52 --> 404 Page Not Found: Assets/plugins
ERROR - 2019-03-21 09:20:27 --> 404 Page Not Found: Assets/plugins
ERROR - 2019-03-21 09:20:41 --> 404 Page Not Found: Assets/plugins
ERROR - 2019-03-21 09:22:35 --> 404 Page Not Found: Assets/plugins
ERROR - 2019-03-21 09:24:15 --> 404 Page Not Found: Assets/plugins
ERROR - 2019-03-21 09:24:28 --> 404 Page Not Found: Assets/plugins
ERROR - 2019-03-21 09:25:14 --> 404 Page Not Found: Assets/plugins
ERROR - 2019-03-21 09:25:23 --> 404 Page Not Found: Assets/plugins
ERROR - 2019-03-21 09:25:50 --> 404 Page Not Found: Assets/plugins
ERROR - 2019-03-21 09:26:43 --> 404 Page Not Found: Assets/plugins
ERROR - 2019-03-21 09:26:59 --> 404 Page Not Found: Assets/plugins
ERROR - 2019-03-21 09:49:37 --> 404 Page Not Found: Assets/plugins
ERROR - 2019-03-21 09:49:44 --> 404 Page Not Found: Assets/plugins
ERROR - 2019-03-21 09:52:07 --> 404 Page Not Found: Assets/plugins
ERROR - 2019-03-21 09:55:53 --> 404 Page Not Found: Assets/plugins
ERROR - 2019-03-21 15:56:03 --> Severity: Notice --> Undefined variable: id C:\xampp\htdocs\sisdemik\application\controllers\Api\Masterdata.php 338
ERROR - 2019-03-21 09:56:50 --> 404 Page Not Found: Assets/plugins
ERROR - 2019-03-21 10:08:52 --> 404 Page Not Found: Assets/plugins
ERROR - 2019-03-21 10:10:49 --> 404 Page Not Found: Assets/plugins
ERROR - 2019-03-21 10:11:46 --> 404 Page Not Found: Assets/plugins
ERROR - 2019-03-21 10:12:00 --> 404 Page Not Found: Assets/plugins
ERROR - 2019-03-21 10:13:17 --> Severity: Compile Error --> Cannot use empty array elements in arrays C:\xampp\htdocs\sisdemik\application\controllers\Api\Masterdata.php 331
ERROR - 2019-03-21 10:13:19 --> 404 Page Not Found: Assets/plugins
ERROR - 2019-03-21 10:13:22 --> Severity: Compile Error --> Cannot use empty array elements in arrays C:\xampp\htdocs\sisdemik\application\controllers\Api\Masterdata.php 331
ERROR - 2019-03-21 10:13:33 --> 404 Page Not Found: Assets/plugins
ERROR - 2019-03-21 10:14:05 --> 404 Page Not Found: Assets/plugins
ERROR - 2019-03-21 10:14:56 --> 404 Page Not Found: Assets/plugins
ERROR - 2019-03-21 16:15:05 --> Query error: Duplicate entry '0' for key 'PRIMARY' - Invalid query: INSERT INTO `tb_kelurahan` (`id`, `id_kecamatan`, `nama`) VALUES (0, '1306050', 'asdasdaasdadada')
ERROR - 2019-03-21 10:15:56 --> 404 Page Not Found: Assets/plugins
ERROR - 2019-03-21 10:19:16 --> 404 Page Not Found: Assets/plugins
ERROR - 2019-03-21 10:19:40 --> 404 Page Not Found: Assets/plugins
ERROR - 2019-03-21 10:26:54 --> 404 Page Not Found: Assets/plugins
ERROR - 2019-03-21 10:35:00 --> 404 Page Not Found: Assets/plugins
ERROR - 2019-03-21 10:35:30 --> 404 Page Not Found: Assets/plugins
ERROR - 2019-03-21 16:35:44 --> Query error: Duplicate entry '0' for key 'PRIMARY' - Invalid query: INSERT INTO `tb_kelurahan` (`id`, `id_kecamatan`, `nama`) VALUES (0, '3671051', 'TESTING')
ERROR - 2019-03-21 10:36:37 --> 404 Page Not Found: Assets/plugins
ERROR - 2019-03-21 12:47:32 --> 404 Page Not Found: Assets/plugins
ERROR - 2019-03-21 12:47:37 --> 404 Page Not Found: Assets/plugins
ERROR - 2019-03-21 18:50:16 --> Query error: Cannot delete or update a parent row: a foreign key constraint fails (`sisdemik`.`tb_users`, CONSTRAINT `tb_users_ibfk_2` FOREIGN KEY (`id_unit`) REFERENCES `tb_units` (`id`) ON UPDATE CASCADE) - Invalid query: DELETE FROM `tb_units`
WHERE `id` = '1'
ERROR - 2019-03-21 12:50:24 --> 404 Page Not Found: Assets/plugins
ERROR - 2019-03-21 12:50:34 --> 404 Page Not Found: Assets/plugins
ERROR - 2019-03-21 18:50:39 --> Query error: Cannot delete or update a parent row: a foreign key constraint fails (`sisdemik`.`tb_users`, CONSTRAINT `tb_users_ibfk_2` FOREIGN KEY (`id_unit`) REFERENCES `tb_units` (`id`) ON UPDATE CASCADE) - Invalid query: DELETE FROM `tb_units`
WHERE `id` = '6'
ERROR - 2019-03-21 13:53:27 --> 404 Page Not Found: Assets/plugins
ERROR - 2019-03-21 13:53:30 --> 404 Page Not Found: Assets/plugins
ERROR - 2019-03-21 13:54:48 --> 404 Page Not Found: Assets/plugins
ERROR - 2019-03-21 14:18:28 --> 404 Page Not Found: Assets/plugins
