ERROR - 2019-04-13 00:06:17 --> Query error: Unknown column 'status_pembayaran' in 'where clause' - Invalid query: select pd.*, 
        		p.nama, 
        		lp.id as id_layanan_pendaftaran, lp.cara_bayar, 
        		pem.status as status_pembayaran 
        		from tb_pendaftaran pd 
        		join tb_pasien p on (pd.id_pasien = p.id) 
        		left join tb_layanan_pendaftaran lp on (lp.id_pendaftaran = pd.id) 
        		left join tb_pembayaran pem on (lp.id = pem.id_layanan_pendaftaran)
                where lp.id is not null  and date(pd.waktu_daftar) between '' and '2019-04-13'  and status_pembayaran = 'Tagihan'  
                group by lp.id order by pd.waktu_daftar desc limit 0 , 10
ERROR - 2019-04-13 00:06:32 --> Query error: Unknown column 'pem.status_pembayaran' in 'where clause' - Invalid query: select pd.*, 
        		p.nama, 
        		lp.id as id_layanan_pendaftaran, lp.cara_bayar, 
        		pem.status as status_pembayaran 
        		from tb_pendaftaran pd 
        		join tb_pasien p on (pd.id_pasien = p.id) 
        		left join tb_layanan_pendaftaran lp on (lp.id_pendaftaran = pd.id) 
        		left join tb_pembayaran pem on (lp.id = pem.id_layanan_pendaftaran)
                where lp.id is not null  and date(pd.waktu_daftar) between '' and '2019-04-13'  and pem.status_pembayaran = 'Tagihan'  
                group by lp.id order by pd.waktu_daftar desc limit 0 , 10
ERROR - 2019-04-13 00:15:42 --> Severity: Notice --> Undefined variable: clinic C:\xampp\htdocs\klinik\application\views\template.php 259
ERROR - 2019-04-13 00:15:42 --> Severity: Notice --> Trying to get property 'nama' of non-object C:\xampp\htdocs\klinik\application\views\template.php 259
ERROR - 2019-04-13 05:02:09 --> 404 Page Not Found: Assets/css
ERROR - 2019-04-13 10:03:56 --> Severity: Notice --> Undefined property: stdClass::$catatan C:\xampp\htdocs\klinik\application\views\printing\pendaftaran\hasil_pemeriksaan.php 66
ERROR - 2019-04-13 10:40:19 --> Severity: Notice --> Undefined index: status C:\xampp\htdocs\klinik\application\models\M_admission.php 364
ERROR - 2019-04-13 10:40:19 --> Severity: Notice --> Undefined index: status C:\xampp\htdocs\klinik\application\models\M_admission.php 365
ERROR - 2019-04-13 05:59:30 --> 404 Page Not Found: Assets/plugins
ERROR - 2019-04-13 06:09:06 --> 404 Page Not Found: Assets/plugins
ERROR - 2019-04-13 06:09:25 --> 404 Page Not Found: Assets/plugins
ERROR - 2019-04-13 06:16:11 --> 404 Page Not Found: Assets/plugins
ERROR - 2019-04-13 11:16:17 --> Severity: Notice --> Undefined index: id C:\xampp\htdocs\klinik\application\models\M_admission.php 315
ERROR - 2019-04-13 11:16:17 --> Severity: Notice --> Undefined index: id C:\xampp\htdocs\klinik\application\models\M_admission.php 321
ERROR - 2019-04-13 11:16:17 --> Severity: Notice --> Undefined index: id C:\xampp\htdocs\klinik\application\models\M_admission.php 322
ERROR - 2019-04-13 11:16:47 --> Severity: Notice --> Undefined index: id C:\xampp\htdocs\klinik\application\models\M_admission.php 315
ERROR - 2019-04-13 11:16:47 --> Severity: Notice --> Undefined index: id C:\xampp\htdocs\klinik\application\models\M_admission.php 321
ERROR - 2019-04-13 11:16:47 --> Severity: Notice --> Undefined index: id C:\xampp\htdocs\klinik\application\models\M_admission.php 322
ERROR - 2019-04-13 06:18:29 --> 404 Page Not Found: Assets/plugins
ERROR - 2019-04-13 11:18:42 --> Query error: Unknown column 'dari' in 'field list' - Invalid query: INSERT INTO `tb_pasien` (`id`, `dari`, `sampai`, `hari`, `created_date`) VALUES (0, '2019-04-13', '2019-04-15', '3', '2019-04-13 11:18:42')
ERROR - 2019-04-13 06:18:55 --> 404 Page Not Found: Assets/plugins
ERROR - 2019-04-13 06:19:31 --> 404 Page Not Found: Assets/plugins
ERROR - 2019-04-13 11:19:33 --> Severity: Notice --> Trying to get property 'nama' of non-object C:\xampp\htdocs\klinik\application\views\printing\pendaftaran\surat_keterangan_sakit.php 53
ERROR - 2019-04-13 11:19:33 --> Severity: Notice --> Trying to get property 'tanggal_lahir' of non-object C:\xampp\htdocs\klinik\application\views\printing\pendaftaran\surat_keterangan_sakit.php 58
ERROR - 2019-04-13 11:19:33 --> Severity: Notice --> Trying to get property 'tanggal_lahir' of non-object C:\xampp\htdocs\klinik\application\views\printing\pendaftaran\surat_keterangan_sakit.php 58
ERROR - 2019-04-13 11:19:33 --> Severity: Notice --> Undefined offset: 1 C:\xampp\htdocs\klinik\application\helpers\functions_helper.php 354
ERROR - 2019-04-13 11:19:33 --> Severity: Notice --> Undefined offset: 2 C:\xampp\htdocs\klinik\application\helpers\functions_helper.php 355
ERROR - 2019-04-13 11:19:33 --> Severity: Warning --> A non-numeric value encountered C:\xampp\htdocs\klinik\application\helpers\functions_helper.php 363
ERROR - 2019-04-13 11:19:33 --> Severity: Notice --> Trying to get property 'alamat' of non-object C:\xampp\htdocs\klinik\application\views\printing\pendaftaran\surat_keterangan_sakit.php 63
ERROR - 2019-04-13 11:19:33 --> Severity: Notice --> Trying to get property 'kelurahan' of non-object C:\xampp\htdocs\klinik\application\views\printing\pendaftaran\surat_keterangan_sakit.php 63
ERROR - 2019-04-13 11:19:33 --> Severity: Notice --> Trying to get property 'kecamatan' of non-object C:\xampp\htdocs\klinik\application\views\printing\pendaftaran\surat_keterangan_sakit.php 68
ERROR - 2019-04-13 11:19:33 --> Severity: Notice --> Trying to get property 'kabupaten_kota' of non-object C:\xampp\htdocs\klinik\application\views\printing\pendaftaran\surat_keterangan_sakit.php 68
ERROR - 2019-04-13 11:19:33 --> Severity: Notice --> Trying to get property 'pekerjaan' of non-object C:\xampp\htdocs\klinik\application\views\printing\pendaftaran\surat_keterangan_sakit.php 73
ERROR - 2019-04-13 11:19:33 --> Severity: Notice --> Trying to get property 'hari' of non-object C:\xampp\htdocs\klinik\application\views\printing\pendaftaran\surat_keterangan_sakit.php 76
ERROR - 2019-04-13 11:19:33 --> Severity: Notice --> Trying to get property 'hari' of non-object C:\xampp\htdocs\klinik\application\views\printing\pendaftaran\surat_keterangan_sakit.php 76
ERROR - 2019-04-13 11:19:33 --> Severity: Notice --> Undefined index:  C:\xampp\htdocs\klinik\application\helpers\functions_helper.php 768
ERROR - 2019-04-13 11:19:33 --> Severity: Notice --> Trying to get property 'dari' of non-object C:\xampp\htdocs\klinik\application\views\printing\pendaftaran\surat_keterangan_sakit.php 76
ERROR - 2019-04-13 11:19:33 --> Severity: Notice --> Trying to get property 'sampai' of non-object C:\xampp\htdocs\klinik\application\views\printing\pendaftaran\surat_keterangan_sakit.php 76
ERROR - 2019-04-13 06:20:54 --> 404 Page Not Found: Assets/plugins
ERROR - 2019-04-13 06:23:20 --> 404 Page Not Found: Assets/plugins
ERROR - 2019-04-13 06:23:20 --> Severity: error --> Exception: syntax error, unexpected 'echo' (T_ECHO), expecting ';' C:\xampp\htdocs\klinik\application\controllers\Api\Admission.php 218
ERROR - 2019-04-13 06:23:29 --> Severity: error --> Exception: syntax error, unexpected 'echo' (T_ECHO), expecting ';' C:\xampp\htdocs\klinik\application\controllers\Api\Admission.php 218
ERROR - 2019-04-13 06:23:45 --> 404 Page Not Found: Assets/plugins
ERROR - 2019-04-13 06:24:25 --> 404 Page Not Found: Assets/plugins
ERROR - 2019-04-13 06:25:43 --> 404 Page Not Found: Assets/plugins
ERROR - 2019-04-13 06:26:17 --> 404 Page Not Found: Assets/plugins
ERROR - 2019-04-13 06:26:30 --> 404 Page Not Found: Assets/plugins
ERROR - 2019-04-13 06:27:03 --> 404 Page Not Found: Assets/plugins
ERROR - 2019-04-13 06:30:18 --> 404 Page Not Found: Assets/plugins
ERROR - 2019-04-13 06:30:30 --> 404 Page Not Found: Assets/plugins
ERROR - 2019-04-13 11:32:08 --> Severity: Notice --> Undefined variable: waktu_buat C:\xampp\htdocs\klinik\application\controllers\Api\Admission.php 225
ERROR - 2019-04-13 06:34:10 --> 404 Page Not Found: Assets/plugins
ERROR - 2019-04-13 06:34:27 --> 404 Page Not Found: Assets/plugins
ERROR - 2019-04-13 06:34:39 --> 404 Page Not Found: Assets/plugins
ERROR - 2019-04-13 06:35:43 --> 404 Page Not Found: Assets/plugins
ERROR - 2019-04-13 06:35:58 --> 404 Page Not Found: Assets/plugins
ERROR - 2019-04-13 06:36:28 --> 404 Page Not Found: Assets/plugins
ERROR - 2019-04-13 06:36:40 --> 404 Page Not Found: Assets/plugins
ERROR - 2019-04-13 06:37:16 --> 404 Page Not Found: Assets/plugins
ERROR - 2019-04-13 06:37:49 --> 404 Page Not Found: Assets/plugins
ERROR - 2019-04-13 06:39:34 --> Severity: error --> Exception: syntax error, unexpected '=>' (T_DOUBLE_ARROW) C:\xampp\htdocs\klinik\application\controllers\Api\Admission.php 214
ERROR - 2019-04-13 06:39:37 --> 404 Page Not Found: Assets/plugins
ERROR - 2019-04-13 06:39:40 --> Severity: error --> Exception: syntax error, unexpected '=>' (T_DOUBLE_ARROW) C:\xampp\htdocs\klinik\application\controllers\Api\Admission.php 214
ERROR - 2019-04-13 06:40:05 --> Severity: error --> Exception: syntax error, unexpected '=>' (T_DOUBLE_ARROW) C:\xampp\htdocs\klinik\application\controllers\Api\Admission.php 214
ERROR - 2019-04-13 06:42:28 --> Severity: error --> Exception: syntax error, unexpected 'if' (T_IF), expecting ')' C:\xampp\htdocs\klinik\application\controllers\Api\Admission.php 223
ERROR - 2019-04-13 06:42:29 --> Severity: error --> Exception: syntax error, unexpected 'if' (T_IF), expecting ')' C:\xampp\htdocs\klinik\application\controllers\Api\Admission.php 223
ERROR - 2019-04-13 06:42:38 --> Severity: error --> Exception: syntax error, unexpected 'if' (T_IF), expecting ')' C:\xampp\htdocs\klinik\application\controllers\Api\Admission.php 223
ERROR - 2019-04-13 06:42:55 --> Severity: error --> Exception: syntax error, unexpected 'if' (T_IF), expecting ')' C:\xampp\htdocs\klinik\application\controllers\Api\Admission.php 223
ERROR - 2019-04-13 06:43:03 --> Severity: error --> Exception: syntax error, unexpected 'if' (T_IF) C:\xampp\htdocs\klinik\application\controllers\Api\Admission.php 223
ERROR - 2019-04-13 06:43:07 --> Severity: error --> Exception: syntax error, unexpected 'if' (T_IF) C:\xampp\htdocs\klinik\application\controllers\Api\Admission.php 223
ERROR - 2019-04-13 06:43:15 --> Severity: error --> Exception: syntax error, unexpected 'if' (T_IF), expecting ')' C:\xampp\htdocs\klinik\application\controllers\Api\Admission.php 223
ERROR - 2019-04-13 06:45:26 --> 404 Page Not Found: Assets/plugins
ERROR - 2019-04-13 06:50:56 --> 404 Page Not Found: Assets/plugins
ERROR - 2019-04-13 06:58:15 --> 404 Page Not Found: Assets/plugins
ERROR - 2019-04-13 06:58:21 --> 404 Page Not Found: Assets/plugins
ERROR - 2019-04-13 06:58:34 --> 404 Page Not Found: Assets/plugins
ERROR - 2019-04-13 06:59:03 --> 404 Page Not Found: Assets/plugins
ERROR - 2019-04-13 06:59:25 --> 404 Page Not Found: Assets/plugins
ERROR - 2019-04-13 07:16:25 --> 404 Page Not Found: Assets/plugins
ERROR - 2019-04-13 07:17:08 --> 404 Page Not Found: Assets/plugins
ERROR - 2019-04-13 07:21:42 --> 404 Page Not Found: Assets/plugins
ERROR - 2019-04-13 07:21:45 --> 404 Page Not Found: Assets/plugins
ERROR - 2019-04-13 07:21:46 --> 404 Page Not Found: Assets/plugins
ERROR - 2019-04-13 07:21:46 --> 404 Page Not Found: Assets/plugins
ERROR - 2019-04-13 07:22:26 --> 404 Page Not Found: Assets/plugins
ERROR - 2019-04-13 07:25:14 --> 404 Page Not Found: Assets/plugins
ERROR - 2019-04-13 07:25:17 --> 404 Page Not Found: Assets/plugins
ERROR - 2019-04-13 07:25:19 --> 404 Page Not Found: Assets/plugins
ERROR - 2019-04-13 07:25:56 --> 404 Page Not Found: Assets/plugins
ERROR - 2019-04-13 07:26:30 --> 404 Page Not Found: Assets/plugins
ERROR - 2019-04-13 12:27:04 --> Severity: 4096 --> Object of class CI_Loader could not be converted to string C:\xampp\htdocs\klinik\application\views\template.php 255
ERROR - 2019-04-13 12:27:09 --> Severity: 4096 --> Object of class CI_Loader could not be converted to string C:\xampp\htdocs\klinik\application\views\template.php 255
ERROR - 2019-04-13 12:27:51 --> Severity: Notice --> Undefined variable: data C:\xampp\htdocs\klinik\application\views\template.php 255
ERROR - 2019-04-13 12:27:51 --> Severity: 4096 --> Object of class CI_Loader could not be converted to string C:\xampp\htdocs\klinik\application\views\template.php 255
ERROR - 2019-04-13 12:37:40 --> Severity: 4096 --> Object of class CI_Loader could not be converted to string C:\xampp\htdocs\klinik\application\views\template.php 255
ERROR - 2019-04-13 12:37:50 --> Severity: 4096 --> Object of class CI_Loader could not be converted to string C:\xampp\htdocs\klinik\application\views\template.php 255
ERROR - 2019-04-13 12:37:53 --> Severity: 4096 --> Object of class CI_Loader could not be converted to string C:\xampp\htdocs\klinik\application\views\template.php 255
ERROR - 2019-04-13 12:38:05 --> Severity: 4096 --> Object of class CI_Loader could not be converted to string C:\xampp\htdocs\klinik\application\views\template.php 255
ERROR - 2019-04-13 12:40:04 --> Severity: 4096 --> Object of class CI_Loader could not be converted to string C:\xampp\htdocs\klinik\application\views\template.php 255
ERROR - 2019-04-13 07:48:18 --> 404 Page Not Found: Assets/plugins
ERROR - 2019-04-13 07:48:20 --> 404 Page Not Found: Assets/plugins
ERROR - 2019-04-13 07:52:09 --> 404 Page Not Found: Assets/images
ERROR - 2019-04-13 07:52:41 --> 404 Page Not Found: Assets/plugins
ERROR - 2019-04-13 12:57:05 --> Severity: Notice --> Undefined offset: 1 C:\xampp\htdocs\klinik\application\views\home_page.php 152
ERROR - 2019-04-13 12:57:05 --> Severity: Notice --> Undefined offset: 2 C:\xampp\htdocs\klinik\application\views\home_page.php 155
ERROR - 2019-04-13 12:57:05 --> Severity: Notice --> Undefined offset: 1 C:\xampp\htdocs\klinik\application\views\home_page.php 155
ERROR - 2019-04-13 12:57:05 --> Severity: Warning --> Division by zero C:\xampp\htdocs\klinik\application\views\home_page.php 155
ERROR - 2019-04-13 12:58:21 --> Severity: Notice --> Undefined offset: 1 C:\xampp\htdocs\klinik\application\views\home_page.php 152
ERROR - 2019-04-13 12:58:21 --> Severity: Notice --> Undefined offset: 2 C:\xampp\htdocs\klinik\application\views\home_page.php 155
ERROR - 2019-04-13 12:58:21 --> Severity: Notice --> Undefined offset: 1 C:\xampp\htdocs\klinik\application\views\home_page.php 155
ERROR - 2019-04-13 12:58:21 --> Severity: Warning --> Division by zero C:\xampp\htdocs\klinik\application\views\home_page.php 155
ERROR - 2019-04-13 13:03:41 --> Severity: Notice --> Undefined offset: 1 C:\xampp\htdocs\klinik\application\views\home_page.php 152
ERROR - 2019-04-13 13:03:41 --> Severity: Notice --> Undefined offset: 2 C:\xampp\htdocs\klinik\application\views\home_page.php 155
ERROR - 2019-04-13 13:03:41 --> Severity: Notice --> Undefined offset: 1 C:\xampp\htdocs\klinik\application\views\home_page.php 155
ERROR - 2019-04-13 13:03:41 --> Severity: Warning --> Division by zero C:\xampp\htdocs\klinik\application\views\home_page.php 155
ERROR - 2019-04-13 08:03:57 --> 404 Page Not Found: Assets/plugins
ERROR - 2019-04-13 13:04:00 --> Severity: Notice --> Undefined offset: 1 C:\xampp\htdocs\klinik\application\views\home_page.php 152
ERROR - 2019-04-13 13:04:00 --> Severity: Notice --> Undefined offset: 2 C:\xampp\htdocs\klinik\application\views\home_page.php 155
ERROR - 2019-04-13 13:04:00 --> Severity: Notice --> Undefined offset: 1 C:\xampp\htdocs\klinik\application\views\home_page.php 155
ERROR - 2019-04-13 13:04:00 --> Severity: Warning --> Division by zero C:\xampp\htdocs\klinik\application\views\home_page.php 155
ERROR - 2019-04-13 08:04:00 --> 404 Page Not Found: Assets/plugins
ERROR - 2019-04-13 13:04:12 --> Severity: Notice --> Undefined offset: 1 C:\xampp\htdocs\klinik\application\views\home_page.php 152
ERROR - 2019-04-13 13:04:12 --> Severity: Notice --> Undefined offset: 2 C:\xampp\htdocs\klinik\application\views\home_page.php 155
ERROR - 2019-04-13 13:04:12 --> Severity: Notice --> Undefined offset: 1 C:\xampp\htdocs\klinik\application\views\home_page.php 155
ERROR - 2019-04-13 13:04:12 --> Severity: Warning --> Division by zero C:\xampp\htdocs\klinik\application\views\home_page.php 155
ERROR - 2019-04-13 08:04:12 --> 404 Page Not Found: Assets/plugins
ERROR - 2019-04-13 13:04:54 --> Severity: Notice --> Undefined offset: 1 C:\xampp\htdocs\klinik\application\views\home_page.php 153
ERROR - 2019-04-13 13:04:54 --> Severity: Notice --> Undefined offset: 2 C:\xampp\htdocs\klinik\application\views\home_page.php 156
ERROR - 2019-04-13 13:04:54 --> Severity: Notice --> Undefined offset: 1 C:\xampp\htdocs\klinik\application\views\home_page.php 156
ERROR - 2019-04-13 13:04:54 --> Severity: Warning --> Division by zero C:\xampp\htdocs\klinik\application\views\home_page.php 156
ERROR - 2019-04-13 08:04:54 --> 404 Page Not Found: Assets/plugins
ERROR - 2019-04-13 08:04:59 --> 404 Page Not Found: Assets/plugins
ERROR - 2019-04-13 13:08:44 --> Severity: error --> Exception: Call to undefined method CI_Loader::shapeSpace_server_memory_usage() C:\xampp\htdocs\klinik\application\views\home_page.php 128
ERROR - 2019-04-13 13:10:52 --> Severity: Notice --> Undefined offset: 1 C:\xampp\htdocs\klinik\application\controllers\Home.php 128
ERROR - 2019-04-13 13:10:52 --> Severity: Notice --> Undefined offset: 2 C:\xampp\htdocs\klinik\application\controllers\Home.php 131
ERROR - 2019-04-13 13:10:52 --> Severity: Notice --> Undefined offset: 1 C:\xampp\htdocs\klinik\application\controllers\Home.php 131
ERROR - 2019-04-13 13:10:52 --> Severity: Warning --> Division by zero C:\xampp\htdocs\klinik\application\controllers\Home.php 131
ERROR - 2019-04-13 13:11:25 --> Severity: error --> Exception: Call to undefined function shapeSpace_server_memory_usage() C:\xampp\htdocs\klinik\application\controllers\Home.php 12
ERROR - 2019-04-13 13:11:26 --> Severity: error --> Exception: Call to undefined function shapeSpace_server_memory_usage() C:\xampp\htdocs\klinik\application\controllers\Home.php 12
ERROR - 2019-04-13 13:11:38 --> Severity: Notice --> Undefined variable: memory C:\xampp\htdocs\klinik\application\views\home_page.php 128
ERROR - 2019-04-13 08:19:28 --> 404 Page Not Found: Assets/plugins
ERROR - 2019-04-13 08:19:32 --> 404 Page Not Found: Assets/plugins
ERROR - 2019-04-13 08:23:39 --> 404 Page Not Found: Assets/plugins
ERROR - 2019-04-13 08:24:13 --> 404 Page Not Found: Assets/plugins
ERROR - 2019-04-13 08:24:13 --> 404 Page Not Found: Assets/plugins
ERROR - 2019-04-13 08:25:19 --> 404 Page Not Found: Assets/plugins
ERROR - 2019-04-13 08:25:19 --> 404 Page Not Found: Assets/plugins
ERROR - 2019-04-13 08:25:49 --> 404 Page Not Found: Assets/plugins
ERROR - 2019-04-13 08:25:49 --> 404 Page Not Found: Assets/plugins
ERROR - 2019-04-13 08:26:18 --> 404 Page Not Found: Assets/plugins
ERROR - 2019-04-13 08:26:18 --> 404 Page Not Found: Assets/plugins
ERROR - 2019-04-13 08:26:20 --> 404 Page Not Found: Assets/plugins
ERROR - 2019-04-13 08:26:20 --> 404 Page Not Found: Assets/plugins
ERROR - 2019-04-13 08:26:21 --> 404 Page Not Found: Assets/plugins
ERROR - 2019-04-13 08:26:21 --> 404 Page Not Found: Assets/plugins
ERROR - 2019-04-13 08:29:11 --> 404 Page Not Found: Assets/plugins
ERROR - 2019-04-13 08:29:11 --> 404 Page Not Found: Assets/plugins
ERROR - 2019-04-13 08:29:57 --> 404 Page Not Found: Assets/plugins
ERROR - 2019-04-13 08:29:57 --> 404 Page Not Found: Assets/plugins
ERROR - 2019-04-13 08:30:28 --> 404 Page Not Found: Assets/plugins
ERROR - 2019-04-13 08:30:28 --> 404 Page Not Found: Assets/plugins
ERROR - 2019-04-13 08:30:47 --> 404 Page Not Found: Assets/plugins
ERROR - 2019-04-13 08:30:47 --> 404 Page Not Found: Assets/plugins
ERROR - 2019-04-13 08:32:26 --> 404 Page Not Found: Assets/plugins
ERROR - 2019-04-13 08:32:26 --> 404 Page Not Found: Assets/plugins
ERROR - 2019-04-13 08:36:05 --> 404 Page Not Found: Assets/plugins
ERROR - 2019-04-13 08:36:05 --> 404 Page Not Found: Assets/plugins
ERROR - 2019-04-13 08:36:06 --> 404 Page Not Found: Assets/plugins
ERROR - 2019-04-13 08:36:06 --> 404 Page Not Found: Assets/plugins
ERROR - 2019-04-13 08:36:14 --> 404 Page Not Found: Assets/plugins
ERROR - 2019-04-13 08:36:14 --> 404 Page Not Found: Assets/plugins
ERROR - 2019-04-13 08:36:50 --> 404 Page Not Found: Assets/plugins
ERROR - 2019-04-13 08:36:50 --> 404 Page Not Found: Assets/plugins
ERROR - 2019-04-13 08:37:21 --> 404 Page Not Found: Assets/plugins
ERROR - 2019-04-13 08:37:21 --> 404 Page Not Found: Assets/plugins
ERROR - 2019-04-13 08:38:26 --> 404 Page Not Found: Assets/plugins
ERROR - 2019-04-13 08:38:26 --> 404 Page Not Found: Assets/plugins
ERROR - 2019-04-13 08:39:38 --> 404 Page Not Found: Assets/plugins
ERROR - 2019-04-13 08:39:38 --> 404 Page Not Found: Assets/plugins
ERROR - 2019-04-13 08:39:47 --> 404 Page Not Found: Assets/plugins
ERROR - 2019-04-13 08:39:47 --> 404 Page Not Found: Assets/plugins
ERROR - 2019-04-13 08:41:48 --> 404 Page Not Found: Assets/plugins
ERROR - 2019-04-13 08:41:48 --> 404 Page Not Found: Assets/plugins
ERROR - 2019-04-13 08:41:51 --> 404 Page Not Found: Assets/plugins
ERROR - 2019-04-13 08:41:51 --> 404 Page Not Found: Assets/plugins
ERROR - 2019-04-13 08:41:52 --> 404 Page Not Found: Assets/plugins
ERROR - 2019-04-13 08:41:52 --> 404 Page Not Found: Assets/plugins
ERROR - 2019-04-13 08:41:53 --> 404 Page Not Found: Assets/plugins
ERROR - 2019-04-13 08:41:53 --> 404 Page Not Found: Assets/plugins
ERROR - 2019-04-13 08:42:54 --> 404 Page Not Found: Assets/plugins
ERROR - 2019-04-13 08:42:54 --> 404 Page Not Found: Assets/plugins
ERROR - 2019-04-13 08:42:58 --> 404 Page Not Found: Assets/plugins
ERROR - 2019-04-13 08:42:58 --> 404 Page Not Found: Assets/plugins
ERROR - 2019-04-13 08:42:59 --> 404 Page Not Found: Assets/plugins
ERROR - 2019-04-13 08:42:59 --> 404 Page Not Found: Assets/plugins
ERROR - 2019-04-13 08:43:00 --> 404 Page Not Found: Assets/plugins
ERROR - 2019-04-13 08:43:00 --> 404 Page Not Found: Assets/plugins
ERROR - 2019-04-13 08:43:30 --> 404 Page Not Found: Assets/plugins
ERROR - 2019-04-13 08:43:30 --> 404 Page Not Found: Assets/plugins
ERROR - 2019-04-13 08:43:47 --> 404 Page Not Found: Assets/plugins
ERROR - 2019-04-13 08:43:47 --> 404 Page Not Found: Assets/plugins
ERROR - 2019-04-13 08:43:58 --> 404 Page Not Found: Assets/plugins
ERROR - 2019-04-13 08:43:58 --> 404 Page Not Found: Assets/plugins
ERROR - 2019-04-13 08:45:30 --> 404 Page Not Found: Assets/plugins
ERROR - 2019-04-13 08:45:30 --> 404 Page Not Found: Assets/plugins
ERROR - 2019-04-13 08:46:40 --> 404 Page Not Found: Assets/plugins
ERROR - 2019-04-13 08:46:40 --> 404 Page Not Found: Assets/plugins
ERROR - 2019-04-13 08:46:47 --> 404 Page Not Found: Assets/plugins
ERROR - 2019-04-13 08:46:47 --> 404 Page Not Found: Assets/plugins
ERROR - 2019-04-13 08:53:55 --> 404 Page Not Found: Assets/plugins
ERROR - 2019-04-13 08:53:55 --> 404 Page Not Found: Assets/plugins
ERROR - 2019-04-13 08:53:56 --> 404 Page Not Found: Assets/plugins
ERROR - 2019-04-13 08:53:56 --> 404 Page Not Found: Assets/plugins
ERROR - 2019-04-13 08:55:00 --> 404 Page Not Found: Assets/plugins
ERROR - 2019-04-13 08:55:00 --> 404 Page Not Found: Assets/plugins
ERROR - 2019-04-13 08:56:05 --> 404 Page Not Found: Assets/plugins
ERROR - 2019-04-13 08:56:05 --> 404 Page Not Found: Assets/plugins
ERROR - 2019-04-13 08:56:36 --> 404 Page Not Found: Assets/plugins
ERROR - 2019-04-13 08:56:36 --> 404 Page Not Found: Assets/plugins
ERROR - 2019-04-13 08:56:44 --> 404 Page Not Found: Assets/plugins
ERROR - 2019-04-13 08:56:44 --> 404 Page Not Found: Assets/plugins
ERROR - 2019-04-13 08:56:54 --> 404 Page Not Found: Assets/plugins
ERROR - 2019-04-13 08:56:54 --> 404 Page Not Found: Assets/plugins
ERROR - 2019-04-13 09:12:54 --> 404 Page Not Found: Assets/plugins
ERROR - 2019-04-13 09:12:54 --> 404 Page Not Found: Assets/plugins
ERROR - 2019-04-13 09:12:54 --> 404 Page Not Found: Assets/plugins
ERROR - 2019-04-13 09:12:54 --> 404 Page Not Found: Assets/plugins
ERROR - 2019-04-13 09:18:53 --> 404 Page Not Found: Assets/plugins
ERROR - 2019-04-13 09:18:53 --> 404 Page Not Found: Assets/plugins
ERROR - 2019-04-13 09:19:11 --> 404 Page Not Found: Assets/images
ERROR - 2019-04-13 09:19:13 --> 404 Page Not Found: Assets/images
ERROR - 2019-04-13 09:19:16 --> 404 Page Not Found: Assets/images
ERROR - 2019-04-13 09:25:43 --> 404 Page Not Found: Assets/plugins
ERROR - 2019-04-13 09:25:43 --> 404 Page Not Found: Assets/plugins
ERROR - 2019-04-13 09:27:25 --> 404 Page Not Found: Assets/plugins
ERROR - 2019-04-13 09:27:25 --> 404 Page Not Found: Assets/plugins
ERROR - 2019-04-13 09:27:27 --> 404 Page Not Found: Assets/plugins
ERROR - 2019-04-13 09:27:27 --> 404 Page Not Found: Assets/plugins
ERROR - 2019-04-13 09:27:56 --> 404 Page Not Found: Assets/plugins
ERROR - 2019-04-13 09:27:56 --> 404 Page Not Found: Assets/plugins
ERROR - 2019-04-13 09:28:27 --> 404 Page Not Found: Assets/plugins
ERROR - 2019-04-13 09:28:27 --> 404 Page Not Found: Assets/plugins
ERROR - 2019-04-13 14:28:27 --> Severity: Notice --> Undefined variable: search C:\xampp\htdocs\klinik\application\controllers\Api\Sistem.php 185
ERROR - 2019-04-13 09:29:36 --> 404 Page Not Found: Assets/plugins
ERROR - 2019-04-13 09:29:36 --> 404 Page Not Found: Assets/plugins
ERROR - 2019-04-13 14:29:36 --> Severity: Notice --> Undefined variable: search C:\xampp\htdocs\klinik\application\controllers\Api\Sistem.php 185
ERROR - 2019-04-13 09:29:56 --> 404 Page Not Found: Assets/plugins
ERROR - 2019-04-13 09:29:56 --> 404 Page Not Found: Assets/plugins
ERROR - 2019-04-13 14:29:56 --> Severity: error --> Exception: Too few arguments to function M_sistem::get_list_data_session(), 2 passed in C:\xampp\htdocs\klinik\application\controllers\Api\Sistem.php on line 185 and exactly 3 expected C:\xampp\htdocs\klinik\application\models\M_sistem.php 181
ERROR - 2019-04-13 09:30:05 --> 404 Page Not Found: Assets/plugins
ERROR - 2019-04-13 09:30:05 --> 404 Page Not Found: Assets/plugins
ERROR - 2019-04-13 09:30:56 --> 404 Page Not Found: Assets/plugins
ERROR - 2019-04-13 09:30:56 --> 404 Page Not Found: Assets/plugins
ERROR - 2019-04-13 09:33:37 --> 404 Page Not Found: Assets/plugins
ERROR - 2019-04-13 09:33:37 --> 404 Page Not Found: Assets/plugins
ERROR - 2019-04-13 09:33:42 --> 404 Page Not Found: Assets/plugins
ERROR - 2019-04-13 09:33:42 --> 404 Page Not Found: Assets/plugins
ERROR - 2019-04-13 09:33:52 --> 404 Page Not Found: Assets/plugins
ERROR - 2019-04-13 09:33:59 --> 404 Page Not Found: Assets/plugins
ERROR - 2019-04-13 09:33:59 --> 404 Page Not Found: Assets/plugins
ERROR - 2019-04-13 09:34:46 --> 404 Page Not Found: Assets/plugins
ERROR - 2019-04-13 09:34:55 --> 404 Page Not Found: Assets/plugins
ERROR - 2019-04-13 09:34:55 --> 404 Page Not Found: Assets/plugins
ERROR - 2019-04-13 09:39:19 --> 404 Page Not Found: Assets/plugins
ERROR - 2019-04-13 09:39:19 --> 404 Page Not Found: Assets/plugins
ERROR - 2019-04-13 09:39:34 --> 404 Page Not Found: Assets/plugins
ERROR - 2019-04-13 09:39:37 --> 404 Page Not Found: Assets/plugins
ERROR - 2019-04-13 09:39:37 --> 404 Page Not Found: Assets/plugins
ERROR - 2019-04-13 09:39:52 --> 404 Page Not Found: Assets/plugins
ERROR - 2019-04-13 09:39:52 --> 404 Page Not Found: Assets/plugins
ERROR - 2019-04-13 09:42:01 --> 404 Page Not Found: Assets/plugins
ERROR - 2019-04-13 09:42:01 --> 404 Page Not Found: Assets/plugins
ERROR - 2019-04-13 09:43:16 --> 404 Page Not Found: Assets/plugins
ERROR - 2019-04-13 09:43:16 --> 404 Page Not Found: Assets/plugins
ERROR - 2019-04-13 09:43:39 --> 404 Page Not Found: Assets/plugins
ERROR - 2019-04-13 09:43:39 --> 404 Page Not Found: Assets/plugins
ERROR - 2019-04-13 09:43:48 --> 404 Page Not Found: Assets/plugins
ERROR - 2019-04-13 09:43:48 --> 404 Page Not Found: Assets/plugins
ERROR - 2019-04-13 09:44:40 --> 404 Page Not Found: Assets/plugins
ERROR - 2019-04-13 09:44:40 --> 404 Page Not Found: Assets/plugins
ERROR - 2019-04-13 09:45:22 --> 404 Page Not Found: Assets/plugins
ERROR - 2019-04-13 09:45:22 --> 404 Page Not Found: Assets/plugins
ERROR - 2019-04-13 09:46:02 --> 404 Page Not Found: Assets/plugins
ERROR - 2019-04-13 09:46:02 --> 404 Page Not Found: Assets/plugins
ERROR - 2019-04-13 09:49:38 --> 404 Page Not Found: Assets/plugins
ERROR - 2019-04-13 09:49:38 --> 404 Page Not Found: Assets/plugins
ERROR - 2019-04-13 09:52:21 --> 404 Page Not Found: Assets/plugins
ERROR - 2019-04-13 09:52:21 --> 404 Page Not Found: Assets/plugins
ERROR - 2019-04-13 09:52:28 --> 404 Page Not Found: Assets/plugins
ERROR - 2019-04-13 09:52:28 --> 404 Page Not Found: Assets/plugins
ERROR - 2019-04-13 09:53:45 --> 404 Page Not Found: Assets/plugins
ERROR - 2019-04-13 09:53:45 --> 404 Page Not Found: Assets/plugins
ERROR - 2019-04-13 09:56:51 --> 404 Page Not Found: Assets/plugins
ERROR - 2019-04-13 09:56:51 --> 404 Page Not Found: Assets/plugins
ERROR - 2019-04-13 09:57:22 --> 404 Page Not Found: Assets/plugins
ERROR - 2019-04-13 09:57:22 --> 404 Page Not Found: Assets/plugins
ERROR - 2019-04-13 09:57:42 --> 404 Page Not Found: Assets/plugins
ERROR - 2019-04-13 09:57:42 --> 404 Page Not Found: Assets/plugins
ERROR - 2019-04-13 09:58:59 --> 404 Page Not Found: Assets/plugins
ERROR - 2019-04-13 09:58:59 --> 404 Page Not Found: Assets/plugins
ERROR - 2019-04-13 09:59:08 --> 404 Page Not Found: Assets/plugins
ERROR - 2019-04-13 09:59:08 --> 404 Page Not Found: Assets/plugins
ERROR - 2019-04-13 09:59:21 --> 404 Page Not Found: Assets/plugins
ERROR - 2019-04-13 09:59:21 --> 404 Page Not Found: Assets/plugins
ERROR - 2019-04-13 09:59:47 --> 404 Page Not Found: Assets/plugins
ERROR - 2019-04-13 09:59:47 --> 404 Page Not Found: Assets/plugins
ERROR - 2019-04-13 10:03:43 --> 404 Page Not Found: Assets/plugins
ERROR - 2019-04-13 10:03:43 --> 404 Page Not Found: Assets/plugins
ERROR - 2019-04-13 10:04:19 --> 404 Page Not Found: Assets/plugins
ERROR - 2019-04-13 10:04:19 --> 404 Page Not Found: Assets/plugins
ERROR - 2019-04-13 10:04:54 --> 404 Page Not Found: Assets/plugins
ERROR - 2019-04-13 10:04:54 --> 404 Page Not Found: Assets/plugins
ERROR - 2019-04-13 10:09:35 --> 404 Page Not Found: Assets/plugins
ERROR - 2019-04-13 10:09:35 --> 404 Page Not Found: Assets/plugins
ERROR - 2019-04-13 10:09:55 --> 404 Page Not Found: Assets/plugins
ERROR - 2019-04-13 10:09:55 --> 404 Page Not Found: Assets/plugins
ERROR - 2019-04-13 10:10:39 --> 404 Page Not Found: Assets/plugins
ERROR - 2019-04-13 10:10:39 --> 404 Page Not Found: Assets/plugins
ERROR - 2019-04-13 10:10:45 --> 404 Page Not Found: Assets/plugins
ERROR - 2019-04-13 10:10:51 --> 404 Page Not Found: Assets/plugins
ERROR - 2019-04-13 10:10:51 --> 404 Page Not Found: Assets/plugins
ERROR - 2019-04-13 10:12:34 --> 404 Page Not Found: Assets/plugins
ERROR - 2019-04-13 10:12:34 --> 404 Page Not Found: Assets/plugins
ERROR - 2019-04-13 10:12:51 --> 404 Page Not Found: Assets/plugins
ERROR - 2019-04-13 10:12:51 --> 404 Page Not Found: Assets/plugins
ERROR - 2019-04-13 10:59:15 --> 404 Page Not Found: Assets/plugins
ERROR - 2019-04-13 10:59:15 --> 404 Page Not Found: Assets/plugins
ERROR - 2019-04-13 10:59:16 --> 404 Page Not Found: Assets/plugins
ERROR - 2019-04-13 10:59:16 --> 404 Page Not Found: Assets/plugins
ERROR - 2019-04-13 11:04:17 --> 404 Page Not Found: Assets/plugins
ERROR - 2019-04-13 11:04:17 --> 404 Page Not Found: Assets/plugins
ERROR - 2019-04-13 11:05:19 --> 404 Page Not Found: Assets/plugins
ERROR - 2019-04-13 11:05:19 --> 404 Page Not Found: Assets/plugins
ERROR - 2019-04-13 15:59:27 --> 404 Page Not Found: Assets/plugins
ERROR - 2019-04-13 15:59:27 --> 404 Page Not Found: Assets/plugins
ERROR - 2019-04-13 21:03:57 --> Severity: Notice --> Undefined variable: allpasien C:\xampp\htdocs\klinik\application\views\home_page.php 6
ERROR - 2019-04-13 21:03:57 --> Severity: Notice --> Trying to get property 'jumlah_pasien' of non-object C:\xampp\htdocs\klinik\application\views\home_page.php 6
ERROR - 2019-04-13 21:04:25 --> Severity: Notice --> Undefined property: CI_DB_mysqli_result::$jumlah_pasien C:\xampp\htdocs\klinik\application\views\home_page.php 6
ERROR - 2019-04-13 21:04:41 --> Severity: Notice --> Trying to get property 'jumlah_pasien' of non-object C:\xampp\htdocs\klinik\application\views\home_page.php 6
ERROR - 2019-04-13 16:10:53 --> 404 Page Not Found: Assets/plugins
ERROR - 2019-04-13 16:10:53 --> 404 Page Not Found: Assets/plugins
ERROR - 2019-04-13 16:14:26 --> 404 Page Not Found: Assets/plugins
ERROR - 2019-04-13 16:14:26 --> 404 Page Not Found: Assets/plugins
ERROR - 2019-04-13 16:16:03 --> 404 Page Not Found: Assets/plugins
ERROR - 2019-04-13 16:16:03 --> 404 Page Not Found: Assets/plugins
ERROR - 2019-04-13 16:16:18 --> 404 Page Not Found: Assets/plugins
ERROR - 2019-04-13 16:16:18 --> 404 Page Not Found: Assets/plugins
ERROR - 2019-04-13 16:16:36 --> 404 Page Not Found: Assets/plugins
ERROR - 2019-04-13 16:16:36 --> 404 Page Not Found: Assets/plugins
ERROR - 2019-04-13 16:17:52 --> 404 Page Not Found: Assets/plugins
ERROR - 2019-04-13 16:17:52 --> 404 Page Not Found: Assets/plugins
ERROR - 2019-04-13 16:37:10 --> 404 Page Not Found: Assets/plugins
ERROR - 2019-04-13 16:37:10 --> 404 Page Not Found: Assets/plugins
ERROR - 2019-04-13 16:43:25 --> 404 Page Not Found: Assets/plugins
ERROR - 2019-04-13 16:43:25 --> 404 Page Not Found: Assets/plugins
ERROR - 2019-04-13 16:47:25 --> 404 Page Not Found: Assets/plugins
ERROR - 2019-04-13 16:47:25 --> 404 Page Not Found: Assets/plugins
ERROR - 2019-04-13 16:48:14 --> 404 Page Not Found: Assets/plugins
ERROR - 2019-04-13 16:48:14 --> 404 Page Not Found: Assets/plugins
ERROR - 2019-04-13 21:48:14 --> Severity: Notice --> Undefined property: Home::$M_app C:\xampp\htdocs\klinik\application\controllers\Home.php 125
ERROR - 2019-04-13 21:48:14 --> Severity: error --> Exception: Call to a member function get_last_exist_data_pendaftaran() on null C:\xampp\htdocs\klinik\application\controllers\Home.php 125
ERROR - 2019-04-13 16:48:56 --> 404 Page Not Found: Assets/plugins
ERROR - 2019-04-13 16:48:56 --> 404 Page Not Found: Assets/plugins
ERROR - 2019-04-13 16:49:34 --> 404 Page Not Found: Assets/plugins
ERROR - 2019-04-13 16:49:34 --> 404 Page Not Found: Assets/plugins
ERROR - 2019-04-13 21:50:29 --> Severity: Notice --> Undefined variable: title_board C:\xampp\htdocs\klinik\application\views\home_page.php 87
ERROR - 2019-04-13 16:50:29 --> 404 Page Not Found: Assets/plugins
ERROR - 2019-04-13 16:50:29 --> 404 Page Not Found: Assets/plugins
ERROR - 2019-04-13 16:51:53 --> 404 Page Not Found: Assets/plugins
ERROR - 2019-04-13 16:51:53 --> 404 Page Not Found: Assets/plugins
ERROR - 2019-04-13 16:51:56 --> 404 Page Not Found: Assets/plugins
ERROR - 2019-04-13 16:51:56 --> 404 Page Not Found: Assets/plugins
ERROR - 2019-04-13 16:52:56 --> 404 Page Not Found: Assets/plugins
ERROR - 2019-04-13 16:52:56 --> 404 Page Not Found: Assets/plugins
ERROR - 2019-04-13 16:54:20 --> 404 Page Not Found: Assets/plugins
ERROR - 2019-04-13 16:54:20 --> 404 Page Not Found: Assets/plugins
ERROR - 2019-04-13 17:01:42 --> 404 Page Not Found: Assets/plugins
ERROR - 2019-04-13 17:01:42 --> 404 Page Not Found: Assets/plugins
ERROR - 2019-04-13 17:02:07 --> 404 Page Not Found: Assets/plugins
ERROR - 2019-04-13 17:02:07 --> 404 Page Not Found: Assets/plugins
ERROR - 2019-04-13 17:02:09 --> 404 Page Not Found: Assets/plugins
ERROR - 2019-04-13 17:02:09 --> 404 Page Not Found: Assets/plugins
ERROR - 2019-04-13 17:02:10 --> 404 Page Not Found: Assets/plugins
ERROR - 2019-04-13 17:02:10 --> 404 Page Not Found: Assets/plugins
ERROR - 2019-04-13 17:02:42 --> 404 Page Not Found: Assets/plugins
ERROR - 2019-04-13 17:02:42 --> 404 Page Not Found: Assets/plugins
ERROR - 2019-04-13 17:03:25 --> 404 Page Not Found: Assets/plugins
ERROR - 2019-04-13 17:03:25 --> 404 Page Not Found: Assets/plugins
ERROR - 2019-04-13 17:07:17 --> 404 Page Not Found: Assets/plugins
ERROR - 2019-04-13 17:07:17 --> 404 Page Not Found: Assets/plugins
ERROR - 2019-04-13 17:07:54 --> 404 Page Not Found: Assets/plugins
ERROR - 2019-04-13 17:07:55 --> 404 Page Not Found: Assets/plugins
ERROR - 2019-04-13 17:18:38 --> 404 Page Not Found: Assets/plugins
ERROR - 2019-04-13 17:18:38 --> 404 Page Not Found: Assets/plugins
ERROR - 2019-04-13 17:22:24 --> 404 Page Not Found: Assets/plugins
ERROR - 2019-04-13 17:22:24 --> 404 Page Not Found: Assets/plugins
ERROR - 2019-04-13 17:23:45 --> 404 Page Not Found: Assets/plugins
ERROR - 2019-04-13 17:23:45 --> 404 Page Not Found: Assets/plugins
ERROR - 2019-04-13 17:24:04 --> 404 Page Not Found: Assets/plugins
ERROR - 2019-04-13 17:24:04 --> 404 Page Not Found: Assets/plugins
ERROR - 2019-04-13 17:28:08 --> 404 Page Not Found: Assets/plugins
ERROR - 2019-04-13 17:28:08 --> 404 Page Not Found: Assets/plugins
ERROR - 2019-04-13 17:28:59 --> 404 Page Not Found: Assets/plugins
ERROR - 2019-04-13 17:28:59 --> 404 Page Not Found: Assets/plugins
ERROR - 2019-04-13 17:29:49 --> 404 Page Not Found: Assets/plugins
ERROR - 2019-04-13 17:29:49 --> 404 Page Not Found: Assets/plugins
ERROR - 2019-04-13 17:32:03 --> 404 Page Not Found: Assets/plugins
ERROR - 2019-04-13 17:32:03 --> 404 Page Not Found: Assets/plugins
ERROR - 2019-04-13 17:32:14 --> 404 Page Not Found: Assets/plugins
ERROR - 2019-04-13 17:32:14 --> 404 Page Not Found: Assets/plugins
ERROR - 2019-04-13 17:32:48 --> 404 Page Not Found: Assets/plugins
ERROR - 2019-04-13 17:32:48 --> 404 Page Not Found: Assets/plugins
ERROR - 2019-04-13 17:32:59 --> 404 Page Not Found: Assets/plugins
ERROR - 2019-04-13 17:32:59 --> 404 Page Not Found: Assets/plugins
ERROR - 2019-04-13 17:33:58 --> 404 Page Not Found: Assets/plugins
ERROR - 2019-04-13 17:33:58 --> 404 Page Not Found: Assets/plugins
ERROR - 2019-04-13 17:34:54 --> 404 Page Not Found: Assets/plugins
ERROR - 2019-04-13 17:34:54 --> 404 Page Not Found: Assets/plugins
ERROR - 2019-04-13 17:37:23 --> 404 Page Not Found: Assets/plugins
ERROR - 2019-04-13 17:37:23 --> 404 Page Not Found: Assets/plugins
ERROR - 2019-04-13 17:37:34 --> 404 Page Not Found: Assets/plugins
ERROR - 2019-04-13 17:37:34 --> 404 Page Not Found: Assets/plugins
ERROR - 2019-04-13 17:39:41 --> 404 Page Not Found: Assets/plugins
ERROR - 2019-04-13 17:39:41 --> 404 Page Not Found: Assets/plugins
ERROR - 2019-04-13 17:39:43 --> 404 Page Not Found: Assets/plugins
ERROR - 2019-04-13 17:39:43 --> 404 Page Not Found: Assets/plugins
ERROR - 2019-04-13 17:40:53 --> 404 Page Not Found: Assets/plugins
ERROR - 2019-04-13 17:40:53 --> 404 Page Not Found: Assets/plugins
ERROR - 2019-04-13 17:41:12 --> 404 Page Not Found: Assets/plugins
ERROR - 2019-04-13 17:41:12 --> 404 Page Not Found: Assets/plugins
ERROR - 2019-04-13 17:41:15 --> 404 Page Not Found: Assets/plugins
ERROR - 2019-04-13 17:41:15 --> 404 Page Not Found: Assets/plugins
ERROR - 2019-04-13 17:49:41 --> 404 Page Not Found: Assets/plugins
ERROR - 2019-04-13 17:49:41 --> 404 Page Not Found: Assets/plugins
ERROR - 2019-04-13 17:53:42 --> 404 Page Not Found: Assets/plugins
ERROR - 2019-04-13 17:53:42 --> 404 Page Not Found: Assets/plugins
ERROR - 2019-04-13 17:55:11 --> 404 Page Not Found: Assets/plugins
ERROR - 2019-04-13 17:55:11 --> 404 Page Not Found: Assets/plugins
ERROR - 2019-04-13 17:55:39 --> 404 Page Not Found: Assets/plugins
ERROR - 2019-04-13 17:55:39 --> 404 Page Not Found: Assets/plugins
ERROR - 2019-04-13 17:56:26 --> 404 Page Not Found: Assets/plugins
ERROR - 2019-04-13 17:56:26 --> 404 Page Not Found: Assets/plugins
ERROR - 2019-04-13 17:57:49 --> 404 Page Not Found: Assets/plugins
ERROR - 2019-04-13 17:57:49 --> 404 Page Not Found: Assets/plugins
ERROR - 2019-04-13 18:00:22 --> 404 Page Not Found: Assets/plugins
ERROR - 2019-04-13 18:00:22 --> 404 Page Not Found: Assets/plugins
ERROR - 2019-04-13 18:04:04 --> 404 Page Not Found: Assets/plugins
ERROR - 2019-04-13 18:04:04 --> 404 Page Not Found: Assets/plugins
ERROR - 2019-04-13 18:04:46 --> 404 Page Not Found: Assets/plugins
ERROR - 2019-04-13 18:04:46 --> 404 Page Not Found: Assets/plugins
ERROR - 2019-04-13 18:05:15 --> 404 Page Not Found: Assets/plugins
ERROR - 2019-04-13 18:05:15 --> 404 Page Not Found: Assets/plugins
ERROR - 2019-04-13 18:05:24 --> 404 Page Not Found: Assets/plugins
ERROR - 2019-04-13 18:05:24 --> 404 Page Not Found: Assets/plugins
ERROR - 2019-04-13 18:05:50 --> 404 Page Not Found: Assets/plugins
ERROR - 2019-04-13 18:05:50 --> 404 Page Not Found: Assets/plugins
ERROR - 2019-04-13 18:05:56 --> 404 Page Not Found: Assets/plugins
ERROR - 2019-04-13 18:05:57 --> 404 Page Not Found: Assets/plugins
ERROR - 2019-04-13 18:07:14 --> 404 Page Not Found: Assets/plugins
ERROR - 2019-04-13 18:07:14 --> 404 Page Not Found: Assets/plugins
ERROR - 2019-04-13 18:07:22 --> 404 Page Not Found: Assets/plugins
ERROR - 2019-04-13 18:07:22 --> 404 Page Not Found: Assets/plugins
ERROR - 2019-04-13 18:08:29 --> 404 Page Not Found: Assets/plugins
ERROR - 2019-04-13 18:08:29 --> 404 Page Not Found: Assets/plugins
ERROR - 2019-04-13 18:11:31 --> 404 Page Not Found: Assets/plugins
ERROR - 2019-04-13 18:11:31 --> 404 Page Not Found: Assets/plugins
ERROR - 2019-04-13 18:12:21 --> 404 Page Not Found: Assets/plugins
ERROR - 2019-04-13 18:12:21 --> 404 Page Not Found: Assets/plugins
ERROR - 2019-04-13 18:12:32 --> 404 Page Not Found: Assets/plugins
ERROR - 2019-04-13 18:12:32 --> 404 Page Not Found: Assets/plugins
ERROR - 2019-04-13 18:13:13 --> 404 Page Not Found: Assets/plugins
ERROR - 2019-04-13 18:13:13 --> 404 Page Not Found: Assets/plugins
ERROR - 2019-04-13 18:14:08 --> 404 Page Not Found: Assets/plugins
ERROR - 2019-04-13 18:14:08 --> 404 Page Not Found: Assets/plugins
ERROR - 2019-04-13 18:15:39 --> 404 Page Not Found: Assets/plugins
ERROR - 2019-04-13 18:15:39 --> 404 Page Not Found: Assets/plugins
ERROR - 2019-04-13 18:19:10 --> 404 Page Not Found: Assets/plugins
ERROR - 2019-04-13 18:19:10 --> 404 Page Not Found: Assets/plugins
ERROR - 2019-04-13 18:19:11 --> 404 Page Not Found: Assets/plugins
ERROR - 2019-04-13 18:19:11 --> 404 Page Not Found: Assets/plugins
ERROR - 2019-04-13 18:20:45 --> 404 Page Not Found: Assets/plugins
ERROR - 2019-04-13 18:20:45 --> 404 Page Not Found: Assets/plugins
ERROR - 2019-04-13 18:21:33 --> 404 Page Not Found: Assets/plugins
ERROR - 2019-04-13 18:21:33 --> 404 Page Not Found: Assets/plugins
ERROR - 2019-04-13 18:23:37 --> 404 Page Not Found: Assets/plugins
ERROR - 2019-04-13 18:23:37 --> 404 Page Not Found: Assets/plugins
ERROR - 2019-04-13 18:24:22 --> 404 Page Not Found: Assets/plugins
ERROR - 2019-04-13 18:24:22 --> 404 Page Not Found: Assets/plugins
ERROR - 2019-04-13 18:24:36 --> 404 Page Not Found: Assets/plugins
ERROR - 2019-04-13 18:24:36 --> 404 Page Not Found: Assets/plugins
ERROR - 2019-04-13 18:25:21 --> 404 Page Not Found: Assets/plugins
ERROR - 2019-04-13 18:25:21 --> 404 Page Not Found: Assets/plugins
ERROR - 2019-04-13 18:27:37 --> 404 Page Not Found: Assets/plugins
ERROR - 2019-04-13 18:27:37 --> 404 Page Not Found: Assets/plugins
ERROR - 2019-04-13 18:29:30 --> 404 Page Not Found: Assets/plugins
ERROR - 2019-04-13 18:29:30 --> 404 Page Not Found: Assets/plugins
ERROR - 2019-04-13 18:29:57 --> 404 Page Not Found: Assets/plugins
ERROR - 2019-04-13 18:29:57 --> 404 Page Not Found: Assets/plugins
ERROR - 2019-04-13 18:30:06 --> 404 Page Not Found: Assets/plugins
ERROR - 2019-04-13 18:30:06 --> 404 Page Not Found: Assets/plugins
ERROR - 2019-04-13 18:30:25 --> 404 Page Not Found: Assets/plugins
ERROR - 2019-04-13 18:30:25 --> 404 Page Not Found: Assets/plugins
ERROR - 2019-04-13 18:50:50 --> 404 Page Not Found: Assets/plugins
ERROR - 2019-04-13 18:50:50 --> 404 Page Not Found: Assets/plugins
ERROR - 2019-04-13 19:01:58 --> 404 Page Not Found: Assets/plugins
ERROR - 2019-04-13 19:01:58 --> 404 Page Not Found: Assets/plugins
ERROR - 2019-04-13 19:02:14 --> 404 Page Not Found: Assets/plugins
ERROR - 2019-04-13 19:02:14 --> 404 Page Not Found: Assets/plugins
ERROR - 2019-04-13 19:06:01 --> 404 Page Not Found: Assets/plugins
ERROR - 2019-04-13 19:06:01 --> 404 Page Not Found: Assets/plugins
ERROR - 2019-04-13 19:06:17 --> 404 Page Not Found: Assets/plugins
ERROR - 2019-04-13 19:06:17 --> 404 Page Not Found: Assets/plugins
ERROR - 2019-04-13 19:06:29 --> 404 Page Not Found: Assets/plugins
ERROR - 2019-04-13 19:06:29 --> 404 Page Not Found: Assets/plugins
ERROR - 2019-04-13 19:06:32 --> 404 Page Not Found: Assets/plugins
ERROR - 2019-04-13 19:06:32 --> 404 Page Not Found: Assets/plugins
ERROR - 2019-04-13 19:06:36 --> 404 Page Not Found: Assets/plugins
ERROR - 2019-04-13 19:06:36 --> 404 Page Not Found: Assets/plugins
ERROR - 2019-04-13 19:06:41 --> 404 Page Not Found: Assets/plugins
ERROR - 2019-04-13 19:06:41 --> 404 Page Not Found: Assets/plugins
ERROR - 2019-04-13 19:06:49 --> 404 Page Not Found: Assets/plugins
ERROR - 2019-04-13 19:06:49 --> 404 Page Not Found: Assets/plugins
ERROR - 2019-04-13 19:06:51 --> 404 Page Not Found: Assets/plugins
ERROR - 2019-04-13 19:06:51 --> 404 Page Not Found: Assets/plugins
ERROR - 2019-04-13 19:06:58 --> 404 Page Not Found: Assets/plugins
ERROR - 2019-04-13 19:06:58 --> 404 Page Not Found: Assets/plugins
ERROR - 2019-04-13 19:07:00 --> 404 Page Not Found: Assets/plugins
ERROR - 2019-04-13 19:07:03 --> 404 Page Not Found: Assets/plugins
ERROR - 2019-04-13 19:07:03 --> 404 Page Not Found: Assets/plugins
ERROR - 2019-04-13 19:16:14 --> 404 Page Not Found: Assets/plugins
ERROR - 2019-04-13 19:16:14 --> 404 Page Not Found: Assets/plugins
ERROR - 2019-04-13 19:32:44 --> Severity: Notice --> Undefined index: base_url C:\xampp\htdocs\klinik\application\config\config.php 30
ERROR - 2019-04-13 19:32:46 --> Severity: Notice --> Undefined index: base_url C:\xampp\htdocs\klinik\application\config\config.php 30
ERROR - 2019-04-13 19:32:46 --> Severity: Notice --> Undefined index: base_url C:\xampp\htdocs\klinik\application\config\config.php 30
ERROR - 2019-04-13 19:41:18 --> 404 Page Not Found: Assets/plugins
ERROR - 2019-04-13 19:41:18 --> 404 Page Not Found: Assets/plugins
