ERROR - 2019-04-03 12:18:53 --> Query error: Cannot add or update a child row: a foreign key constraint fails (`sisdemik`.`tb_users`, CONSTRAINT `tb_users_ibfk_2` FOREIGN KEY (`id_unit`) REFERENCES `tb_units` (`id`) ON UPDATE CASCADE) - Invalid query: UPDATE `tb_users` SET `id` = '1', `username` = 'FAIZ', `id_group_users` = '1', `id_unit` = ''
WHERE `id` = '1'
ERROR - 2019-04-03 12:18:57 --> Query error: Cannot add or update a child row: a foreign key constraint fails (`sisdemik`.`tb_users`, CONSTRAINT `tb_users_ibfk_2` FOREIGN KEY (`id_unit`) REFERENCES `tb_units` (`id`) ON UPDATE CASCADE) - Invalid query: UPDATE `tb_users` SET `id` = '1', `username` = 'FAIZ', `id_group_users` = '1', `id_unit` = ''
WHERE `id` = '1'
ERROR - 2019-04-03 07:19:00 --> 404 Page Not Found: Assets/plugins
ERROR - 2019-04-03 07:19:12 --> 404 Page Not Found: Assets/plugins
ERROR - 2019-04-03 07:19:15 --> 404 Page Not Found: Assets/plugins
ERROR - 2019-04-03 12:19:36 --> Query error: Cannot add or update a child row: a foreign key constraint fails (`sisdemik`.`tb_users`, CONSTRAINT `tb_users_ibfk_2` FOREIGN KEY (`id_unit`) REFERENCES `tb_units` (`id`) ON UPDATE CASCADE) - Invalid query: UPDATE `tb_users` SET `id` = '1', `username` = 'ADMIN', `id_group_users` = '1', `id_unit` = ''
WHERE `id` = '1'
ERROR - 2019-04-03 07:19:58 --> 404 Page Not Found: Assets/plugins
ERROR - 2019-04-03 07:20:02 --> 404 Page Not Found: Assets/plugins
ERROR - 2019-04-03 07:29:09 --> 404 Page Not Found: Assets/plugins
ERROR - 2019-04-03 07:29:14 --> 404 Page Not Found: Assets/plugins
ERROR - 2019-04-03 07:39:58 --> 404 Page Not Found: Assets/dist
ERROR - 2019-04-03 07:39:59 --> 404 Page Not Found: Assets/dist
ERROR - 2019-04-03 07:40:27 --> 404 Page Not Found: Assets/dist
ERROR - 2019-04-03 07:40:27 --> 404 Page Not Found: Assets/dist
ERROR - 2019-04-03 07:49:35 --> 404 Page Not Found: Assets/dist
ERROR - 2019-04-03 07:49:35 --> 404 Page Not Found: Assets/dist
ERROR - 2019-04-03 07:49:37 --> 404 Page Not Found: Assets/plugins
ERROR - 2019-04-03 07:50:07 --> 404 Page Not Found: Assets/plugins
ERROR - 2019-04-03 07:52:04 --> 404 Page Not Found: Assets/plugins
ERROR - 2019-04-03 08:02:17 --> 404 Page Not Found: Assets/plugins
ERROR - 2019-04-03 08:02:56 --> 404 Page Not Found: Assets/plugins
ERROR - 2019-04-03 13:03:07 --> Severity: Notice --> Undefined variable: nama_foto C:\xampp\htdocs\sisdemik\application\controllers\Users.php 30
ERROR - 2019-04-03 13:03:09 --> Severity: Notice --> Undefined variable: nama_foto C:\xampp\htdocs\sisdemik\application\controllers\Users.php 30
ERROR - 2019-04-03 08:03:10 --> 404 Page Not Found: Assets/plugins
ERROR - 2019-04-03 13:03:12 --> Severity: Notice --> Undefined variable: nama_foto C:\xampp\htdocs\sisdemik\application\controllers\Users.php 30
ERROR - 2019-04-03 08:03:14 --> 404 Page Not Found: Assets/plugins
ERROR - 2019-04-03 08:03:21 --> 404 Page Not Found: Assets/plugins
ERROR - 2019-04-03 08:03:21 --> 404 Page Not Found: Assets/plugins
ERROR - 2019-04-03 13:03:24 --> Severity: Notice --> Undefined variable: nama_foto C:\xampp\htdocs\sisdemik\application\controllers\Users.php 30
ERROR - 2019-04-03 08:04:59 --> 404 Page Not Found: Assets/plugins
ERROR - 2019-04-03 08:05:01 --> 404 Page Not Found: Assets/plugins
ERROR - 2019-04-03 08:05:04 --> 404 Page Not Found: Assets/plugins
ERROR - 2019-04-03 08:05:57 --> 404 Page Not Found: Assets/plugins
ERROR - 2019-04-03 08:06:07 --> 404 Page Not Found: Assets/plugins
ERROR - 2019-04-03 08:06:50 --> 404 Page Not Found: Assets/plugins
ERROR - 2019-04-03 08:07:44 --> 404 Page Not Found: Assets/plugins
ERROR - 2019-04-03 08:07:59 --> 404 Page Not Found: Assets/plugins
ERROR - 2019-04-03 08:16:23 --> 404 Page Not Found: Assets/fotoB612-2016-01-22-19-29-48_1.jpg
ERROR - 2019-04-03 08:16:48 --> 404 Page Not Found: Assets/fotoB612-2016-01-22-19-29-48_1.jpg
ERROR - 2019-04-03 08:16:51 --> 404 Page Not Found: Assets/plugins
ERROR - 2019-04-03 08:17:04 --> 404 Page Not Found: Assets/plugins
ERROR - 2019-04-03 08:17:33 --> 404 Page Not Found: Assets/plugins
ERROR - 2019-04-03 08:17:38 --> 404 Page Not Found: Assets/plugins
ERROR - 2019-04-03 08:18:04 --> 404 Page Not Found: Assets/plugins
ERROR - 2019-04-03 08:18:21 --> 404 Page Not Found: Assets/plugins
ERROR - 2019-04-03 08:18:42 --> 404 Page Not Found: Assets/plugins
ERROR - 2019-04-03 08:28:16 --> 404 Page Not Found: Assets/plugins
ERROR - 2019-04-03 08:28:31 --> 404 Page Not Found: Assets/plugins
ERROR - 2019-04-03 08:29:07 --> 404 Page Not Found: Assets/plugins
ERROR - 2019-04-03 09:02:06 --> 404 Page Not Found: Assets/plugins
ERROR - 2019-04-03 09:02:11 --> 404 Page Not Found: Assets/plugins
ERROR - 2019-04-03 09:02:17 --> 404 Page Not Found: Assets/plugins
ERROR - 2019-04-03 09:03:54 --> 404 Page Not Found: Assets/plugins
ERROR - 2019-04-03 09:14:33 --> 404 Page Not Found: Assets/plugins
ERROR - 2019-04-03 09:14:34 --> 404 Page Not Found: Assets/plugins
ERROR - 2019-04-03 09:14:40 --> 404 Page Not Found: Assets/plugins
ERROR - 2019-04-03 09:14:43 --> 404 Page Not Found: Assets/plugins
ERROR - 2019-04-03 09:15:40 --> 404 Page Not Found: Assets/plugins
ERROR - 2019-04-03 09:17:31 --> 404 Page Not Found: Assets/plugins
