ERROR - 2019-04-16 06:46:06 --> 404 Page Not Found: Assets/plugins
ERROR - 2019-04-16 06:46:06 --> 404 Page Not Found: Assets/plugins
ERROR - 2019-04-16 06:46:07 --> 404 Page Not Found: Assets/plugins
ERROR - 2019-04-16 06:46:07 --> 404 Page Not Found: Assets/plugins
ERROR - 2019-04-16 06:46:39 --> 404 Page Not Found: Assets/plugins
ERROR - 2019-04-16 06:46:39 --> 404 Page Not Found: Assets/plugins
ERROR - 2019-04-16 11:47:20 --> Severity: error --> Exception: syntax error, unexpected '?>' C:\xampp\htdocs\klinik\application\views\template.php 249
ERROR - 2019-04-16 06:47:35 --> 404 Page Not Found: Assets/plugins
ERROR - 2019-04-16 06:47:35 --> 404 Page Not Found: Assets/plugins
ERROR - 2019-04-16 06:47:56 --> 404 Page Not Found: Assets/plugins
ERROR - 2019-04-16 06:47:56 --> 404 Page Not Found: Assets/plugins
ERROR - 2019-04-16 06:48:11 --> 404 Page Not Found: Assets/plugins
ERROR - 2019-04-16 06:48:11 --> 404 Page Not Found: Assets/plugins
ERROR - 2019-04-16 06:52:32 --> 404 Page Not Found: Assets/plugins
ERROR - 2019-04-16 06:52:32 --> 404 Page Not Found: Assets/plugins
ERROR - 2019-04-16 06:54:15 --> 404 Page Not Found: Assets/plugins
ERROR - 2019-04-16 06:54:15 --> 404 Page Not Found: Assets/plugins
ERROR - 2019-04-16 06:54:17 --> 404 Page Not Found: Assets/plugins
ERROR - 2019-04-16 06:54:17 --> 404 Page Not Found: Assets/plugins
ERROR - 2019-04-16 06:54:24 --> 404 Page Not Found: Assets/plugins
ERROR - 2019-04-16 06:54:24 --> 404 Page Not Found: Assets/plugins
ERROR - 2019-04-16 06:54:26 --> 404 Page Not Found: Assets/plugins
ERROR - 2019-04-16 06:54:26 --> 404 Page Not Found: Assets/plugins
ERROR - 2019-04-16 06:55:24 --> 404 Page Not Found: Assets/plugins
ERROR - 2019-04-16 06:55:24 --> 404 Page Not Found: Assets/plugins
ERROR - 2019-04-16 06:55:42 --> 404 Page Not Found: Assets/plugins
ERROR - 2019-04-16 06:55:42 --> 404 Page Not Found: Assets/plugins
ERROR - 2019-04-16 06:56:04 --> 404 Page Not Found: Assets/plugins
ERROR - 2019-04-16 06:56:04 --> 404 Page Not Found: Assets/plugins
ERROR - 2019-04-16 11:59:42 --> Severity: error --> Exception: syntax error, unexpected ':', expecting ',' or ';' C:\xampp\htdocs\klinik\application\views\template.php 249
ERROR - 2019-04-16 07:00:55 --> 404 Page Not Found: Assets/plugins
ERROR - 2019-04-16 07:00:55 --> 404 Page Not Found: Assets/plugins
ERROR - 2019-04-16 07:01:54 --> 404 Page Not Found: Assets/plugins
ERROR - 2019-04-16 07:01:54 --> 404 Page Not Found: Assets/plugins
ERROR - 2019-04-16 07:08:08 --> 404 Page Not Found: Assets/plugins
ERROR - 2019-04-16 07:08:08 --> 404 Page Not Found: Assets/plugins
ERROR - 2019-04-16 07:08:13 --> 404 Page Not Found: Assets/plugins
ERROR - 2019-04-16 07:08:13 --> 404 Page Not Found: Assets/plugins
ERROR - 2019-04-16 07:08:15 --> 404 Page Not Found: Assets/plugins
ERROR - 2019-04-16 07:08:15 --> 404 Page Not Found: Assets/plugins
ERROR - 2019-04-16 07:08:20 --> 404 Page Not Found: Assets/plugins
ERROR - 2019-04-16 07:08:20 --> 404 Page Not Found: Assets/plugins
ERROR - 2019-04-16 07:08:22 --> 404 Page Not Found: Assets/plugins
ERROR - 2019-04-16 07:08:22 --> 404 Page Not Found: Assets/plugins
ERROR - 2019-04-16 07:08:38 --> 404 Page Not Found: Assets/plugins
ERROR - 2019-04-16 07:08:38 --> 404 Page Not Found: Assets/plugins
ERROR - 2019-04-16 07:08:41 --> 404 Page Not Found: Assets/plugins
ERROR - 2019-04-16 07:08:41 --> 404 Page Not Found: Assets/plugins
ERROR - 2019-04-16 12:08:57 --> Severity: 4096 --> Object of class CI_Loader could not be converted to string C:\xampp\htdocs\klinik\application\views\template.php 251
ERROR - 2019-04-16 07:08:57 --> 404 Page Not Found: Assets/plugins
ERROR - 2019-04-16 07:08:57 --> 404 Page Not Found: Assets/plugins
ERROR - 2019-04-16 12:08:58 --> Severity: 4096 --> Object of class CI_Loader could not be converted to string C:\xampp\htdocs\klinik\application\views\template.php 251
ERROR - 2019-04-16 07:08:58 --> 404 Page Not Found: Assets/plugins
ERROR - 2019-04-16 07:08:58 --> 404 Page Not Found: Assets/plugins
ERROR - 2019-04-16 12:09:00 --> Severity: 4096 --> Object of class CI_Loader could not be converted to string C:\xampp\htdocs\klinik\application\views\template.php 251
ERROR - 2019-04-16 07:09:00 --> 404 Page Not Found: Assets/plugins
ERROR - 2019-04-16 07:09:00 --> 404 Page Not Found: Assets/plugins
ERROR - 2019-04-16 12:09:01 --> Severity: 4096 --> Object of class CI_Loader could not be converted to string C:\xampp\htdocs\klinik\application\views\template.php 251
ERROR - 2019-04-16 07:09:01 --> 404 Page Not Found: Assets/plugins
ERROR - 2019-04-16 07:09:01 --> 404 Page Not Found: Assets/plugins
ERROR - 2019-04-16 12:09:04 --> Severity: 4096 --> Object of class CI_Loader could not be converted to string C:\xampp\htdocs\klinik\application\views\template.php 251
ERROR - 2019-04-16 07:09:05 --> 404 Page Not Found: Assets/plugins
ERROR - 2019-04-16 07:09:05 --> 404 Page Not Found: Assets/plugins
ERROR - 2019-04-16 12:09:07 --> Severity: 4096 --> Object of class CI_Loader could not be converted to string C:\xampp\htdocs\klinik\application\views\template.php 251
ERROR - 2019-04-16 07:09:07 --> 404 Page Not Found: Assets/plugins
ERROR - 2019-04-16 07:09:07 --> 404 Page Not Found: Assets/plugins
ERROR - 2019-04-16 07:09:15 --> 404 Page Not Found: Assets/plugins
ERROR - 2019-04-16 07:09:15 --> 404 Page Not Found: Assets/plugins
ERROR - 2019-04-16 07:09:17 --> 404 Page Not Found: Assets/plugins
ERROR - 2019-04-16 07:09:17 --> 404 Page Not Found: Assets/plugins
ERROR - 2019-04-16 07:09:19 --> 404 Page Not Found: Assets/plugins
ERROR - 2019-04-16 07:09:19 --> 404 Page Not Found: Assets/plugins
ERROR - 2019-04-16 15:09:55 --> Severity: Notice --> Undefined property: stdClass::$catatan C:\xampp\htdocs\klinik\application\views\printing\pendaftaran\hasil_pemeriksaan.php 66
ERROR - 2019-04-16 15:33:28 --> Severity: Notice --> Undefined property: stdClass::$catatan C:\xampp\htdocs\klinik\application\views\printing\pendaftaran\hasil_pemeriksaan.php 66
ERROR - 2019-04-16 15:34:33 --> Severity: Notice --> Undefined property: stdClass::$catatan C:\xampp\htdocs\klinik\application\views\printing\pendaftaran\hasil_pemeriksaan.php 66
ERROR - 2019-04-16 10:58:59 --> 404 Page Not Found: Assets/plugins
ERROR - 2019-04-16 10:58:59 --> 404 Page Not Found: Assets/plugins
ERROR - 2019-04-16 11:00:17 --> 404 Page Not Found: Assets/plugins
ERROR - 2019-04-16 11:00:17 --> 404 Page Not Found: Assets/plugins
ERROR - 2019-04-16 11:01:42 --> 404 Page Not Found: Assets/plugins
ERROR - 2019-04-16 11:01:42 --> 404 Page Not Found: Assets/plugins
ERROR - 2019-04-16 11:01:53 --> 404 Page Not Found: Assets/plugins
ERROR - 2019-04-16 11:01:53 --> 404 Page Not Found: Assets/plugins
ERROR - 2019-04-16 15:29:01 --> 404 Page Not Found: Assets/plugins
