ERROR - 2019-03-20 00:19:10 --> Severity: Notice --> Undefined property: Masterdata_auto::$m_masterdata C:\xampp\htdocs\sisdemik\application\controllers\Api\Masterdata_auto.php 63
ERROR - 2019-03-20 00:19:10 --> Severity: error --> Exception: Call to a member function get_auto_kabupaten_kota() on null C:\xampp\htdocs\sisdemik\application\controllers\Api\Masterdata_auto.php 63
ERROR - 2019-03-20 00:19:29 --> Severity: Notice --> Undefined property: Masterdata_auto::$m_masterdata C:\xampp\htdocs\sisdemik\application\controllers\Api\Masterdata_auto.php 63
ERROR - 2019-03-20 00:19:29 --> Severity: error --> Exception: Call to a member function get_auto_kabupaten_kota() on null C:\xampp\htdocs\sisdemik\application\controllers\Api\Masterdata_auto.php 63
ERROR - 2019-03-20 00:39:19 --> Query error: Unknown column 'c.id_kabupaten' in 'on clause' - Invalid query: select c.*, IFNULL(k.nama, '') as kabupaten, 
                IFNULL(p.nama, '') as provinsi
                from tb_kecamatan c
                join tb_kabupaten_kota k on (c.id_kabupaten = k.id)
                join tb_provinsi p on (p.id = k.id_provinsi) 
                where c.id is not null order by c.nama  limit 0 , 10
ERROR - 2019-03-20 00:39:32 --> Query error: Unknown column 'c.id_kabupaten' in 'on clause' - Invalid query: select c.*, IFNULL(k.nama, '') as kabupaten, 
                IFNULL(p.nama, '') as provinsi
                from tb_kecamatan c
                join tb_kabupaten_kota k on (c.id_kabupaten = k.id)
                join tb_provinsi p on (p.id = k.id_provinsi) 
                where c.id is not null order by c.nama  limit 0 , 10
ERROR - 2019-03-20 00:43:59 --> Query error: Unknown column 'id_kabupaten' in 'field list' - Invalid query: INSERT INTO `tb_kecamatan` (`id`, `id_kabupaten`, `nama`) VALUES (0, '1107', 'TESTING')
ERROR - 2019-03-20 00:44:22 --> Query error: Unknown column 'id_kabupaten' in 'field list' - Invalid query: INSERT INTO `tb_kecamatan` (`id`, `id_kabupaten`, `nama`) VALUES (0, '1107', 'TESTING')
ERROR - 2019-03-20 00:46:00 --> Query error: Unknown column 'id_kabupaten' in 'field list' - Invalid query: INSERT INTO `tb_kecamatan` (`id`, `id_kabupaten`, `nama`) VALUES (0, '3671', 'TESTING')
ERROR - 2019-03-20 01:21:46 --> Query error: Column 'id_kecamatan' cannot be null - Invalid query: INSERT INTO `tb_kelurahan` (`id`, `id_kecamatan`, `nama`) VALUES (0, NULL, 'qwewqeqeqewq')
ERROR - 2019-03-20 10:20:08 --> Query error: You have an error in your SQL syntax; check the manual that corresponds to your MariaDB server version for the right syntax to use near '*) from tb_provinsi where id is not null  order by id  limit 0 , 10' at line 1 - Invalid query: select initcap(*) from tb_provinsi where id is not null  order by id  limit 0 , 10
ERROR - 2019-03-20 10:20:10 --> Query error: You have an error in your SQL syntax; check the manual that corresponds to your MariaDB server version for the right syntax to use near '*) from tb_provinsi where id is not null  order by id  limit 0 , 10' at line 1 - Invalid query: select initcap(*) from tb_provinsi where id is not null  order by id  limit 0 , 10
ERROR - 2019-03-20 10:20:20 --> Query error: You have an error in your SQL syntax; check the manual that corresponds to your MariaDB server version for the right syntax to use near '*) from tb_provinsi where id is not null  order by id  limit 0 , 10' at line 1 - Invalid query: select initcap(*) from tb_provinsi where id is not null  order by id  limit 0 , 10
ERROR - 2019-03-20 10:20:28 --> Query error: You have an error in your SQL syntax; check the manual that corresponds to your MariaDB server version for the right syntax to use near '*) from tb_provinsi where id is not null  order by id  limit 0 , 10' at line 1 - Invalid query: select initcap(*) from tb_provinsi where id is not null  order by id  limit 0 , 10
ERROR - 2019-03-20 10:21:07 --> Query error: You have an error in your SQL syntax; check the manual that corresponds to your MariaDB server version for the right syntax to use near '*) from tb_provinsi where id is not null  order by id  limit 0 , 10' at line 1 - Invalid query: select initcap(*) from tb_provinsi where id is not null  order by id  limit 0 , 10
ERROR - 2019-03-20 10:21:24 --> Query error: FUNCTION sisdemik.initcap does not exist - Invalid query: select initcap(nama) from tb_provinsi where id is not null  order by id  limit 0 , 10
ERROR - 2019-03-20 10:21:32 --> Query error: You have an error in your SQL syntax; check the manual that corresponds to your MariaDB server version for the right syntax to use near '*) from tb_provinsi where id is not null  order by id  limit 0 , 10' at line 1 - Invalid query: select upper(*) from tb_provinsi where id is not null  order by id  limit 0 , 10
ERROR - 2019-03-20 10:26:17 --> Query error: FUNCTION sisdemik.initcap does not exist - Invalid query: select id, initcap(nama) from tb_provinsi where id is not null  order by id  limit 0 , 10
ERROR - 2019-03-20 10:33:03 --> Query error: FUNCTION sisdemik.initcap does not exist - Invalid query: select id, initcap(nama) from tb_provinsi where id is not null  order by id  limit 0 , 10
ERROR - 2019-03-20 04:34:28 --> 404 Page Not Found: Assets/plugins
ERROR - 2019-03-20 04:34:30 --> 404 Page Not Found: Assets/plugins
ERROR - 2019-03-20 05:27:07 --> 404 Page Not Found: Assets/plugins
ERROR - 2019-03-20 05:27:20 --> 404 Page Not Found: Assets/plugins
ERROR - 2019-03-20 05:27:32 --> 404 Page Not Found: Assets/plugins
ERROR - 2019-03-20 05:44:36 --> 404 Page Not Found: Assets/plugins
ERROR - 2019-03-20 05:44:43 --> 404 Page Not Found: Assets/plugins
ERROR - 2019-03-20 05:45:11 --> 404 Page Not Found: Assets/plugins
ERROR - 2019-03-20 10:37:08 --> 404 Page Not Found: Assets/plugins
ERROR - 2019-03-20 10:37:19 --> 404 Page Not Found: Assets/plugins
ERROR - 2019-03-20 10:45:20 --> 404 Page Not Found: Assets/plugins
ERROR - 2019-03-20 10:45:31 --> 404 Page Not Found: Assets/plugins
ERROR - 2019-03-20 10:53:50 --> 404 Page Not Found: Assets/plugins
ERROR - 2019-03-20 10:53:57 --> 404 Page Not Found: Assets/plugins
ERROR - 2019-03-20 10:59:38 --> 404 Page Not Found: Assets/plugins
ERROR - 2019-03-20 11:01:06 --> 404 Page Not Found: Assets/plugins
ERROR - 2019-03-20 11:02:01 --> 404 Page Not Found: Assets/plugins
ERROR - 2019-03-20 11:02:05 --> 404 Page Not Found: Assets/plugins
ERROR - 2019-03-20 11:06:53 --> 404 Page Not Found: Assets/plugins
ERROR - 2019-03-20 11:07:32 --> 404 Page Not Found: Assets/plugins
ERROR - 2019-03-20 11:07:49 --> 404 Page Not Found: Assets/plugins
ERROR - 2019-03-20 11:09:22 --> 404 Page Not Found: Assets/plugins
ERROR - 2019-03-20 11:15:52 --> 404 Page Not Found: Assets/plugins
ERROR - 2019-03-20 11:21:13 --> 404 Page Not Found: Assets/plugins
ERROR - 2019-03-20 11:48:32 --> 404 Page Not Found: Assets/plugins
ERROR - 2019-03-20 11:48:46 --> 404 Page Not Found: Assets/plugins
ERROR - 2019-03-20 13:44:13 --> 404 Page Not Found: Assets/plugins
ERROR - 2019-03-20 13:44:19 --> 404 Page Not Found: Assets/plugins
ERROR - 2019-03-20 13:44:48 --> 404 Page Not Found: Assets/plugins
ERROR - 2019-03-20 13:44:50 --> 404 Page Not Found: Assets/plugins
ERROR - 2019-03-20 13:44:52 --> 404 Page Not Found: Assets/plugins
ERROR - 2019-03-20 14:57:25 --> Severity: Compile Error --> Cannot redeclare Masterdata::guru() C:\xampp\htdocs\sisdemik\application\controllers\Masterdata.php 62
ERROR - 2019-03-20 14:57:27 --> Severity: Compile Error --> Cannot redeclare Masterdata::guru() C:\xampp\htdocs\sisdemik\application\controllers\Masterdata.php 62
ERROR - 2019-03-20 14:57:29 --> Severity: Compile Error --> Cannot redeclare Masterdata::guru() C:\xampp\htdocs\sisdemik\application\controllers\Masterdata.php 62
ERROR - 2019-03-20 14:57:31 --> Severity: Compile Error --> Cannot redeclare Masterdata::guru() C:\xampp\htdocs\sisdemik\application\controllers\Masterdata.php 62
ERROR - 2019-03-20 14:57:33 --> 404 Page Not Found: Assets/plugins
ERROR - 2019-03-20 14:57:38 --> Severity: Compile Error --> Cannot redeclare Masterdata::guru() C:\xampp\htdocs\sisdemik\application\controllers\Masterdata.php 62
ERROR - 2019-03-20 14:58:44 --> 404 Page Not Found: Assets/plugins
ERROR - 2019-03-20 15:30:45 --> 404 Page Not Found: Assets/plugins
ERROR - 2019-03-20 15:30:52 --> 404 Page Not Found: Assets/plugins
ERROR - 2019-03-20 15:35:42 --> 404 Page Not Found: Assets/plugins
ERROR - 2019-03-20 15:36:21 --> 404 Page Not Found: Assets/plugins
ERROR - 2019-03-20 15:37:04 --> 404 Page Not Found: Assets/plugins
ERROR - 2019-03-20 16:21:17 --> 404 Page Not Found: Assets/plugins
ERROR - 2019-03-20 16:21:23 --> 404 Page Not Found: Assets/plugins
ERROR - 2019-03-20 16:21:27 --> 404 Page Not Found: Assets/plugins
ERROR - 2019-03-20 16:23:08 --> 404 Page Not Found: Assets/plugins
ERROR - 2019-03-20 16:23:16 --> 404 Page Not Found: Assets/plugins
ERROR - 2019-03-20 16:32:10 --> 404 Page Not Found: Assets/plugins
ERROR - 2019-03-20 16:32:54 --> 404 Page Not Found: Assets/plugins
ERROR - 2019-03-20 16:33:20 --> 404 Page Not Found: Assets/plugins
ERROR - 2019-03-20 16:34:37 --> 404 Page Not Found: Assets/plugins
ERROR - 2019-03-20 16:34:45 --> 404 Page Not Found: Assets/plugins
ERROR - 2019-03-20 16:35:17 --> 404 Page Not Found: Assets/plugins
ERROR - 2019-03-20 16:35:33 --> 404 Page Not Found: Assets/plugins
